null/****************************************************************************************
 * Copyright (c) 2009 Daniel Svärd <daniel.svard@gmail.com>                             *
 * Copyright (c) 2009 Casey Link <unnamedrambler@gmail.com>                             *
 * Copyright (c) 2009 Edu Zamora <edu.zasu@gmail.com>                                   *
 * Copyright (c) 2010 Norbert Nagold <norbert.nagold@gmail.com>                         *
 * Copyright (c) 2015 Houssam Salem <houssam.salem.au@gmail.com>                        *
 *                                                                                      *
 * This program is free software; you can redistribute it and/or modify it under        *
 * the terms of the GNU General Public License as published by the Free Software        *
 * Foundation; either version 3 of the License, or (at your option) any later           *
 * version.                                                                             *
 *                                                                                      *
 * This program is distributed in the hope that it will be useful, but WITHOUT ANY      *
 * WARRANTY; without even the implied warranty of MERCHANTABILITY or FITNESS FOR A      *
 * PARTICULAR PURPOSE. See the GNU General Public License for more details.             *
 *                                                                                      *
 * You should have received a copy of the GNU General Public License along with         *
 * this program.  If not, see <http://www.gnu.org/licenses/>.                           *
 ****************************************************************************************/

package com.ichi2.libanki;

import android.content.ContentValues;
import android.text.TextUtils;

import com.ichi2.anki.exception.ConfirmModSchemaException;
import com.ichi2.anki.exception.DeckRenameException;

import org.json.JSONArray;
import org.json.JSONException;
import org.json.JSONObject;

import java.util.ArrayList;
import java.util.Arrays;
import java.util.Collections;
import java.util.Comparator;
import java.util.HashMap;
import java.util.Iterator;
import java.util.LinkedList;
import java.util.List;
import java.util.Map;
import java.util.TreeMap;
import java.util.regex.Pattern;

// fixmes:
// - make sure users can't set grad interval < 1

public class Decks {


    public static final String defaultDeck = ""
            + "{"
                + "'newToday': [0, 0]," // currentDay, count
                + "'revToday': [0, 0],"
                + "'lrnToday': [0, 0],"
                + "'timeToday': [0, 0]," // time in ms
                + "'conf': 1,"
                + "'usn': 0,"
                + "'desc': \"\","
                + "'dyn': 0," // anki uses int/bool interchangably here
                + "'collapsed': False,"
                // added in beta11
                + "'extendNew': 10,"
                + "'extendRev': 50"
            + "}";

    private static final String defaultDynamicDeck = ""
            + "{"
                + "'newToday': [0, 0],"
                + "'revToday': [0, 0],"
                + "'lrnToday': [0, 0],"
                + "'timeToday': [0, 0],"
                + "'collapsed': False,"
                + "'dyn': 1,"
                + "'desc': \"\","
                + "'usn': 0,"
                + "'delays': null,"
                + "'separate': True,"
                // list of (search, limit, order); we only use first element for now
                + "'terms': [[\"\", 100, 0]],"
                + "'resched': True,"
                + "'return': True" // currently unused
            + "}";

    public static final String defaultConf = ""
            + "{"
                + "'name': \"Default\","
                + "'new': {"
                    + "'delays': [1, 10],"
                    + "'ints': [1, 4, 7]," // 7 is not currently used
                    + "'initialFactor': 2500,"
                    + "'separate': True,"
                    + "'order': " + Consts.NEW_CARDS_DUE + ","
                    + "'perDay': 20,"
                    // may not be set on old decks
                    + "'bury': True"
                + "},"
                + "'lapse': {"
                    + "'delays': [10],"
                    + "'mult': 0,"
                    + "'minInt': 1,"
                    + "'leechFails': 8,"
                    // type 0=suspend, 1=tagonly
                    + "'leechAction': 0"
                + "},"
                + "'rev': {"
                    + "'perDay': 100,"
                    + "'ease4': 1.3,"
                    + "'fuzz': 0.05,"
                    + "'minSpace': 1," // not currently used
                    + "'ivlFct': 1,"
                    + "'maxIvl': 36500,"
                    // may not be set on old decks
                    + "'bury': True"
                + "},"
                + "'maxTaken': 60,"
                + "'timer': 0,"
                + "'autoplay': True,"
                + "'replayq': True,"
                + "'mod': 0,"
                + "'usn': 0"
            +"}";
==<>==<>==<>==<>==<>==
==<>==<>==<>==<>==<>==
==<>==<>==<>==<>==<>==
==<>==<>==<>==<>==<>==
==<>==<>==<>==<>==<>==
==<>==<>==<>==<>==<>==
==<>==<>==<>==<>==<>==
==<>==<>==<>==<>==<>==
==<>==<>==<>==<>==<>==
==<>==<>==<>==<>==<>==
==<>==<>==<>==<>==<>==
==<>==<>==<>==<>==<>==
==<>==<>==<>==<>==<>==
==<>==<>==<>==<>==<>==
==<>==<>==<>==<>==<>==
    }
==<>==<>==<>==<>==<>==
==<>==<>==<>==<>==<>==
==<>==<>==<>==<>==<>==
==<>==<>==<>==<>==<>==
==<>==<>==<>==<>==<>==
==<>==<>==<>==<>==<>==
==<>==<>==<>==<>==<>==
==<>==<>==<>==<>==<>==
==<>==<>==<>==<>==<>==
==<>==<>==<>==<>==<>==
==<>==<>==<>==<>==<>==
==<>==<>==<>==<>==<>==
==<>==<>==<>==<>==<>==
==<>==<>==<>==<>==<>==
==<>==<>==<>==<>==<>==
==<>==<>==<>==<>==<>==
==<>==<>==<>==<>==<>==
==<>==<>==<>==<>==<>==
==<>==<>==<>==<>==<>==
==<>==<>==<>==<>==<>==
==<>==<>==<>==<>==<>==
==<>==<>==<>==<>==<>==
==<>==<>==<>==<>==<>==
==<>==<>==<>==<>==<>==
    }
==<>==<>==<>==<>==<>==
==<>==<>==<>==<>==<>==
==<>==<>==<>==<>==<>==
==<>==<>==<>==<>==<>==
    }
==<>==<>==<>==<>==<>==
==<>==<>==<>==<>==<>==
==<>==<>==<>==<>==<>==
==<>==<>==<>==<>==<>==
==<>==<>==<>==<>==<>==
==<>==<>==<>==<>==<>==
==<>==<>==<>==<>==<>==
==<>==<>==<>==<>==<>==
==<>==<>==<>==<>==<>==
==<>==<>==<>==<>==<>==
==<>==<>==<>==<>==<>==
==<>==<>==<>==<>==<>==
==<>==<>==<>==<>==<>==
==<>==<>==<>==<>==<>==
==<>==<>==<>==<>==<>==
    }
==<>==<>==<>==<>==<>==
==<>==<>==<>==<>==<>==
==<>==<>==<>==<>==<>==
==<>==<>==<>==<>==<>==
==<>==<>==<>==<>==<>==
==<>==<>==<>==<>==<>==
==<>==<>==<>==<>==<>==
==<>==<>==<>==<>==<>==
==<>==<>==<>==<>==<>==
==<>==<>==<>==<>==<>==
==<>==<>==<>==<>==<>==
==<>==<>==<>==<>==<>==
==<>==<>==<>==<>==<>==
==<>==<>==<>==<>==<>==
==<>==<>==<>==<>==<>==
==<>==<>==<>==<>==<>==
==<>==<>==<>==<>==<>==
==<>==<>==<>==<>==<>==
==<>==<>==<>==<>==<>==
==<>==<>==<>==<>==<>==
==<>==<>==<>==<>==<>==
==<>==<>==<>==<>==<>==
    }
==<>==<>==<>==<>==<>==
==<>==<>==<>==<>==<>==
==<>==<>==<>==<>==<>==
==<>==<>==<>==<>==<>==
==<>==<>==<>==<>==<>==
==<>==<>==<>==<>==<>==
==<>==<>==<>==<>==<>==
==<>==<>==<>==<>==<>==
==<>==<>==<>==<>==<>==
    }
==<>==<>==<>==<>==<>==
==<>==<>==<>==<>==<>==
==<>==<>==<>==<>==<>==
==<>==<>==<>==<>==<>==
    }
==<>==<>==<>==<>==<>==
==<>==<>==<>==<>==<>==
==<>==<>==<>==<>==<>==
==<>==<>==<>==<>==<>==
    }
==<>==<>==<>==<>==<>==
==<>==<>==<>==<>==<>==
==<>==<>==<>==<>==<>==
==<>==<>==<>==<>==<>==
==<>==<>==<>==<>==<>==
==<>==<>==<>==<>==<>==
==<>==<>==<>==<>==<>==
==<>==<>==<>==<>==<>==
==<>==<>==<>==<>==<>==
==<>==<>==<>==<>==<>==
==<>==<>==<>==<>==<>==
==<>==<>==<>==<>==<>==
==<>==<>==<>==<>==<>==
==<>==<>==<>==<>==<>==
==<>==<>==<>==<>==<>==
==<>==<>==<>==<>==<>==
==<>==<>==<>==<>==<>==
==<>==<>==<>==<>==<>==
==<>==<>==<>==<>==<>==
==<>==<>==<>==<>==<>==
==<>==<>==<>==<>==<>==
==<>==<>==<>==<>==<>==
==<>==<>==<>==<>==<>==
==<>==<>==<>==<>==<>==
==<>==<>==<>==<>==<>==
==<>==<>==<>==<>==<>==
==<>==<>==<>==<>==<>==
==<>==<>==<>==<>==<>==
==<>==<>==<>==<>==<>==
==<>==<>==<>==<>==<>==
==<>==<>==<>==<>==<>==
==<>==<>==<>==<>==<>==
==<>==<>==<>==<>==<>==
==<>==<>==<>==<>==<>==
==<>==<>==<>==<>==<>==
==<>==<>==<>==<>==<>==
==<>==<>==<>==<>==<>==
==<>==<>==<>==<>==<>==
==<>==<>==<>==<>==<>==
==<>==<>==<>==<>==<>==
    }
==<>==<>==<>==<>==<>==
==<>==<>==<>==<>==<>==
==<>==<>==<>==<>==<>==
==<>==<>==<>==<>==<>==
    }
==<>==<>==<>==<>==<>==
==<>==<>==<>==<>==<>==
==<>==<>==<>==<>==<>==
==<>==<>==<>==<>==<>==
    }
==<>==<>==<>==<>==<>==
==<>==<>==<>==<>==<>==
==<>==<>==<>==<>==<>==
==<>==<>==<>==<>==<>==
==<>==<>==<>==<>==<>==
==<>==<>==<>==<>==<>==
==<>==<>==<>==<>==<>==
==<>==<>==<>==<>==<>==
==<>==<>==<>==<>==<>==
==<>==<>==<>==<>==<>==
==<>==<>==<>==<>==<>==
==<>==<>==<>==<>==<>==
==<>==<>==<>==<>==<>==
==<>==<>==<>==<>==<>==
==<>==<>==<>==<>==<>==
==<>==<>==<>==<>==<>==
==<>==<>==<>==<>==<>==
==<>==<>==<>==<>==<>==
==<>==<>==<>==<>==<>==
==<>==<>==<>==<>==<>==
==<>==<>==<>==<>==<>==
==<>==<>==<>==<>==<>==
==<>==<>==<>==<>==<>==
==<>==<>==<>==<>==<>==
==<>==<>==<>==<>==<>==
==<>==<>==<>==<>==<>==
==<>==<>==<>==<>==<>==
==<>==<>==<>==<>==<>==
==<>==<>==<>==<>==<>==
==<>==<>==<>==<>==<>==
==<>==<>==<>==<>==<>==
==<>==<>==<>==<>==<>==
==<>==<>==<>==<>==<>==
==<>==<>==<>==<>==<>==
==<>==<>==<>==<>==<>==
==<>==<>==<>==<>==<>==
==<>==<>==<>==<>==<>==
==<>==<>==<>==<>==<>==
==<>==<>==<>==<>==<>==
==<>==<>==<>==<>==<>==
==<>==<>==<>==<>==<>==
==<>==<>==<>==<>==<>==
==<>==<>==<>==<>==<>==
==<>==<>==<>==<>==<>==
==<>==<>==<>==<>==<>==
==<>==<>==<>==<>==<>==
==<>==<>==<>==<>==<>==
==<>==<>==<>==<>==<>==
==<>==<>==<>==<>==<>==
==<>==<>==<>==<>==<>==
==<>==<>==<>==<>==<>==
==<>==<>==<>==<>==<>==
==<>==<>==<>==<>==<>==
==<>==<>==<>==<>==<>==
==<>==<>==<>==<>==<>==
==<>==<>==<>==<>==<>==
==<>==<>==<>==<>==<>==
==<>==<>==<>==<>==<>==
==<>==<>==<>==<>==<>==
==<>==<>==<>==<>==<>==
==<>==<>==<>==<>==<>==
    }
==<>==<>==<>==<>==<>==
==<>==<>==<>==<>==<>==
==<>==<>==<>==<>==<>==
==<>==<>==<>==<>==<>==
    }
==<>==<>==<>==<>==<>==
==<>==<>==<>==<>==<>==
==<>==<>==<>==<>==<>==
==<>==<>==<>==<>==<>==
==<>==<>==<>==<>==<>==
==<>==<>==<>==<>==<>==
==<>==<>==<>==<>==<>==
==<>==<>==<>==<>==<>==
==<>==<>==<>==<>==<>==
==<>==<>==<>==<>==<>==
==<>==<>==<>==<>==<>==
==<>==<>==<>==<>==<>==
==<>==<>==<>==<>==<>==
==<>==<>==<>==<>==<>==
==<>==<>==<>==<>==<>==
==<>==<>==<>==<>==<>==
==<>==<>==<>==<>==<>==
==<>==<>==<>==<>==<>==
==<>==<>==<>==<>==<>==
==<>==<>==<>==<>==<>==
==<>==<>==<>==<>==<>==
==<>==<>==<>==<>==<>==
==<>==<>==<>==<>==<>==
==<>==<>==<>==<>==<>==
    }
==<>==<>==<>==<>==<>==
==<>==<>==<>==<>==<>==
==<>==<>==<>==<>==<>==
==<>==<>==<>==<>==<>==
==<>==<>==<>==<>==<>==
==<>==<>==<>==<>==<>==
==<>==<>==<>==<>==<>==
==<>==<>==<>==<>==<>==
==<>==<>==<>==<>==<>==
==<>==<>==<>==<>==<>==
==<>==<>==<>==<>==<>==
==<>==<>==<>==<>==<>==
    }
==<>==<>==<>==<>==<>==
==<>==<>==<>==<>==<>==
==<>==<>==<>==<>==<>==
==<>==<>==<>==<>==<>==
==<>==<>==<>==<>==<>==
==<>==<>==<>==<>==<>==
==<>==<>==<>==<>==<>==
==<>==<>==<>==<>==<>==
==<>==<>==<>==<>==<>==
==<>==<>==<>==<>==<>==
==<>==<>==<>==<>==<>==
==<>==<>==<>==<>==<>==
==<>==<>==<>==<>==<>==
==<>==<>==<>==<>==<>==
==<>==<>==<>==<>==<>==
==<>==<>==<>==<>==<>==
==<>==<>==<>==<>==<>==
==<>==<>==<>==<>==<>==
==<>==<>==<>==<>==<>==
==<>==<>==<>==<>==<>==
==<>==<>==<>==<>==<>==
==<>==<>==<>==<>==<>==
==<>==<>==<>==<>==<>==
    }
==<>==<>==<>==<>==<>==
==<>==<>==<>==<>==<>==
==<>==<>==<>==<>==<>==
==<>==<>==<>==<>==<>==
    }
==<>==<>==<>==<>==<>==
==<>==<>==<>==<>==<>==
==<>==<>==<>==<>==<>==
==<>==<>==<>==<>==<>==
==<>==<>==<>==<>==<>==
==<>==<>==<>==<>==<>==
==<>==<>==<>==<>==<>==
==<>==<>==<>==<>==<>==
==<>==<>==<>==<>==<>==
==<>==<>==<>==<>==<>==
    }
==<>==<>==<>==<>==<>==
==<>==<>==<>==<>==<>==
==<>==<>==<>==<>==<>==
==<>==<>==<>==<>==<>==
==<>==<>==<>==<>==<>==
==<>==<>==<>==<>==<>==
==<>==<>==<>==<>==<>==
==<>==<>==<>==<>==<>==
==<>==<>==<>==<>==<>==
==<>==<>==<>==<>==<>==
==<>==<>==<>==<>==<>==
    }
==<>==<>==<>==<>==<>==
==<>==<>==<>==<>==<>==
==<>==<>==<>==<>==<>==
==<>==<>==<>==<>==<>==
==<>==<>==<>==<>==<>==
==<>==<>==<>==<>==<>==
==<>==<>==<>==<>==<>==
==<>==<>==<>==<>==<>==
    }
==<>==<>==<>==<>==<>==
==<>==<>==<>==<>==<>==
==<>==<>==<>==<>==<>==
==<>==<>==<>==<>==<>==
    }
==<>==<>==<>==<>==<>==
==<>==<>==<>==<>==<>==
==<>==<>==<>==<>==<>==
==<>==<>==<>==<>==<>==
==<>==<>==<>==<>==<>==
==<>==<>==<>==<>==<>==
==<>==<>==<>==<>==<>==
==<>==<>==<>==<>==<>==
==<>==<>==<>==<>==<>==
==<>==<>==<>==<>==<>==
    }
==<>==<>==<>==<>==<>==
==<>==<>==<>==<>==<>==
==<>==<>==<>==<>==<>==
==<>==<>==<>==<>==<>==
==<>==<>==<>==<>==<>==
==<>==<>==<>==<>==<>==
==<>==<>==<>==<>==<>==
==<>==<>==<>==<>==<>==
==<>==<>==<>==<>==<>==
==<>==<>==<>==<>==<>==
==<>==<>==<>==<>==<>==
==<>==<>==<>==<>==<>==
==<>==<>==<>==<>==<>==
==<>==<>==<>==<>==<>==
==<>==<>==<>==<>==<>==
==<>==<>==<>==<>==<>==
    }
==<>==<>==<>==<>==<>==
==<>==<>==<>==<>==<>==
==<>==<>==<>==<>==<>==
==<>==<>==<>==<>==<>==
==<>==<>==<>==<>==<>==
==<>==<>==<>==<>==<>==
==<>==<>==<>==<>==<>==
==<>==<>==<>==<>==<>==
==<>==<>==<>==<>==<>==
==<>==<>==<>==<>==<>==
==<>==<>==<>==<>==<>==
==<>==<>==<>==<>==<>==
==<>==<>==<>==<>==<>==
==<>==<>==<>==<>==<>==
==<>==<>==<>==<>==<>==
    }
==<>==<>==<>==<>==<>==
==<>==<>==<>==<>==<>==
==<>==<>==<>==<>==<>==
==<>==<>==<>==<>==<>==
==<>==<>==<>==<>==<>==
==<>==<>==<>==<>==<>==
==<>==<>==<>==<>==<>==
==<>==<>==<>==<>==<>==
==<>==<>==<>==<>==<>==
==<>==<>==<>==<>==<>==
==<>==<>==<>==<>==<>==
==<>==<>==<>==<>==<>==
==<>==<>==<>==<>==<>==
==<>==<>==<>==<>==<>==
==<>==<>==<>==<>==<>==
==<>==<>==<>==<>==<>==
==<>==<>==<>==<>==<>==
==<>==<>==<>==<>==<>==
==<>==<>==<>==<>==<>==
==<>==<>==<>==<>==<>==
==<>==<>==<>==<>==<>==
==<>==<>==<>==<>==<>==
==<>==<>==<>==<>==<>==
==<>==<>==<>==<>==<>==
==<>==<>==<>==<>==<>==
==<>==<>==<>==<>==<>==
==<>==<>==<>==<>==<>==
==<>==<>==<>==<>==<>==
==<>==<>==<>==<>==<>==
==<>==<>==<>==<>==<>==
==<>==<>==<>==<>==<>==
==<>==<>==<>==<>==<>==
==<>==<>==<>==<>==<>==
==<>==<>==<>==<>==<>==
==<>==<>==<>==<>==<>==
==<>==<>==<>==<>==<>==
==<>==<>==<>==<>==<>==
==<>==<>==<>==<>==<>==
==<>==<>==<>==<>==<>==
==<>==<>==<>==<>==<>==
==<>==<>==<>==<>==<>==
==<>==<>==<>==<>==<>==
    }
==<>==<>==<>==<>==<>==
==<>==<>==<>==<>==<>==
==<>==<>==<>==<>==<>==
==<>==<>==<>==<>==<>==
==<>==<>==<>==<>==<>==
==<>==<>==<>==<>==<>==
==<>==<>==<>==<>==<>==
==<>==<>==<>==<>==<>==
==<>==<>==<>==<>==<>==
==<>==<>==<>==<>==<>==
==<>==<>==<>==<>==<>==
==<>==<>==<>==<>==<>==
==<>==<>==<>==<>==<>==
==<>==<>==<>==<>==<>==
==<>==<>==<>==<>==<>==
==<>==<>==<>==<>==<>==
==<>==<>==<>==<>==<>==
==<>==<>==<>==<>==<>==
==<>==<>==<>==<>==<>==
==<>==<>==<>==<>==<>==
==<>==<>==<>==<>==<>==
    }
==<>==<>==<>==<>==<>==
==<>==<>==<>==<>==<>==
==<>==<>==<>==<>==<>==
==<>==<>==<>==<>==<>==
==<>==<>==<>==<>==<>==
==<>==<>==<>==<>==<>==
==<>==<>==<>==<>==<>==
==<>==<>==<>==<>==<>==
==<>==<>==<>==<>==<>==
==<>==<>==<>==<>==<>==
    }
==<>==<>==<>==<>==<>==
==<>==<>==<>==<>==<>==
==<>==<>==<>==<>==<>==
==<>==<>==<>==<>==<>==
==<>==<>==<>==<>==<>==
==<>==<>==<>==<>==<>==
==<>==<>==<>==<>==<>==
==<>==<>==<>==<>==<>==
==<>==<>==<>==<>==<>==
==<>==<>==<>==<>==<>==
==<>==<>==<>==<>==<>==
==<>==<>==<>==<>==<>==
==<>==<>==<>==<>==<>==
==<>==<>==<>==<>==<>==
    }
==<>==<>==<>==<>==<>==
==<>==<>==<>==<>==<>==
==<>==<>==<>==<>==<>==
==<>==<>==<>==<>==<>==
==<>==<>==<>==<>==<>==
==<>==<>==<>==<>==<>==
==<>==<>==<>==<>==<>==
==<>==<>==<>==<>==<>==
==<>==<>==<>==<>==<>==
==<>==<>==<>==<>==<>==
==<>==<>==<>==<>==<>==
    }
==<>==<>==<>==<>==<>==
==<>==<>==<>==<>==<>==
==<>==<>==<>==<>==<>==
==<>==<>==<>==<>==<>==
    }
==<>==<>==<>==<>==<>==
==<>==<>==<>==<>==<>==
==<>==<>==<>==<>==<>==
    }
==<>==<>==<>==<>==<>==
==<>==<>==<>==<>==<>==
==<>==<>==<>==<>==<>==
==<>==<>==<>==<>==<>==
==<>==<>==<>==<>==<>==
==<>==<>==<>==<>==<>==
==<>==<>==<>==<>==<>==
==<>==<>==<>==<>==<>==
==<>==<>==<>==<>==<>==
==<>==<>==<>==<>==<>==
==<>==<>==<>==<>==<>==
==<>==<>==<>==<>==<>==
==<>==<>==<>==<>==<>==
==<>==<>==<>==<>==<>==
==<>==<>==<>==<>==<>==
==<>==<>==<>==<>==<>==
==<>==<>==<>==<>==<>==
==<>==<>==<>==<>==<>==
==<>==<>==<>==<>==<>==
==<>==<>==<>==<>==<>==
==<>==<>==<>==<>==<>==
==<>==<>==<>==<>==<>==
==<>==<>==<>==<>==<>==
==<>==<>==<>==<>==<>==
==<>==<>==<>==<>==<>==
    }
==<>==<>==<>==<>==<>==
==<>==<>==<>==<>==<>==
==<>==<>==<>==<>==<>==
==<>==<>==<>==<>==<>==
==<>==<>==<>==<>==<>==
==<>==<>==<>==<>==<>==
==<>==<>==<>==<>==<>==
==<>==<>==<>==<>==<>==
==<>==<>==<>==<>==<>==
==<>==<>==<>==<>==<>==
==<>==<>==<>==<>==<>==
==<>==<>==<>==<>==<>==
==<>==<>==<>==<>==<>==
==<>==<>==<>==<>==<>==
==<>==<>==<>==<>==<>==
==<>==<>==<>==<>==<>==
==<>==<>==<>==<>==<>==
==<>==<>==<>==<>==<>==
    }
==<>==<>==<>==<>==<>==
==<>==<>==<>==<>==<>==
==<>==<>==<>==<>==<>==
==<>==<>==<>==<>==<>==
==<>==<>==<>==<>==<>==
==<>==<>==<>==<>==<>==
==<>==<>==<>==<>==<>==
==<>==<>==<>==<>==<>==
==<>==<>==<>==<>==<>==
==<>==<>==<>==<>==<>==
==<>==<>==<>==<>==<>==
==<>==<>==<>==<>==<>==
==<>==<>==<>==<>==<>==
==<>==<>==<>==<>==<>==
==<>==<>==<>==<>==<>==
==<>==<>==<>==<>==<>==
==<>==<>==<>==<>==<>==
    }
==<>==<>==<>==<>==<>==
==<>==<>==<>==<>==<>==
==<>==<>==<>==<>==<>==
==<>==<>==<>==<>==<>==
    }
==<>==<>==<>==<>==<>==
==<>==<>==<>==<>==<>==
==<>==<>==<>==<>==<>==
==<>==<>==<>==<>==<>==
==<>==<>==<>==<>==<>==
==<>==<>==<>==<>==<>==
==<>==<>==<>==<>==<>==
==<>==<>==<>==<>==<>==
==<>==<>==<>==<>==<>==
    }
==<>==<>==<>==<>==<>==
==<>==<>==<>==<>==<>==
==<>==<>==<>==<>==<>==
==<>==<>==<>==<>==<>==
    }
==<>==<>==<>==<>==<>==
==<>==<>==<>==<>==<>==
==<>==<>==<>==<>==<>==
==<>==<>==<>==<>==<>==
==<>==<>==<>==<>==<>==
==<>==<>==<>==<>==<>==
==<>==<>==<>==<>==<>==
==<>==<>==<>==<>==<>==
==<>==<>==<>==<>==<>==
==<>==<>==<>==<>==<>==
==<>==<>==<>==<>==<>==
==<>==<>==<>==<>==<>==
==<>==<>==<>==<>==<>==
==<>==<>==<>==<>==<>==
==<>==<>==<>==<>==<>==
==<>==<>==<>==<>==<>==
==<>==<>==<>==<>==<>==
==<>==<>==<>==<>==<>==
==<>==<>==<>==<>==<>==
==<>==<>==<>==<>==<>==
==<>==<>==<>==<>==<>==
==<>==<>==<>==<>==<>==
==<>==<>==<>==<>==<>==
==<>==<>==<>==<>==<>==
==<>==<>==<>==<>==<>==
    }
==<>==<>==<>==<>==<>==
==<>==<>==<>==<>==<>==
==<>==<>==<>==<>==<>==
==<>==<>==<>==<>==<>==
==<>==<>==<>==<>==<>==
==<>==<>==<>==<>==<>==
==<>==<>==<>==<>==<>==
==<>==<>==<>==<>==<>==
==<>==<>==<>==<>==<>==
==<>==<>==<>==<>==<>==
==<>==<>==<>==<>==<>==
==<>==<>==<>==<>==<>==
==<>==<>==<>==<>==<>==
==<>==<>==<>==<>==<>==
==<>==<>==<>==<>==<>==
==<>==<>==<>==<>==<>==
==<>==<>==<>==<>==<>==
==<>==<>==<>==<>==<>==
==<>==<>==<>==<>==<>==
==<>==<>==<>==<>==<>==
==<>==<>==<>==<>==<>==
==<>==<>==<>==<>==<>==
==<>==<>==<>==<>==<>==
==<>==<>==<>==<>==<>==
==<>==<>==<>==<>==<>==
    }
==<>==<>==<>==<>==<>==
==<>==<>==<>==<>==<>==
==<>==<>==<>==<>==<>==
==<>==<>==<>==<>==<>==
==<>==<>==<>==<>==<>==
==<>==<>==<>==<>==<>==
==<>==<>==<>==<>==<>==
==<>==<>==<>==<>==<>==
==<>==<>==<>==<>==<>==
    }
==<>==<>==<>==<>==<>==
==<>==<>==<>==<>==<>==
==<>==<>==<>==<>==<>==
==<>==<>==<>==<>==<>==
==<>==<>==<>==<>==<>==
==<>==<>==<>==<>==<>==
==<>==<>==<>==<>==<>==
==<>==<>==<>==<>==<>==
==<>==<>==<>==<>==<>==
==<>==<>==<>==<>==<>==
==<>==<>==<>==<>==<>==
==<>==<>==<>==<>==<>==
==<>==<>==<>==<>==<>==
==<>==<>==<>==<>==<>==
    }
==<>==<>==<>==<>==<>==
==<>==<>==<>==<>==<>==
==<>==<>==<>==<>==<>==
==<>==<>==<>==<>==<>==
==<>==<>==<>==<>==<>==
==<>==<>==<>==<>==<>==
==<>==<>==<>==<>==<>==
==<>==<>==<>==<>==<>==
==<>==<>==<>==<>==<>==
==<>==<>==<>==<>==<>==
==<>==<>==<>==<>==<>==
==<>==<>==<>==<>==<>==
==<>==<>==<>==<>==<>==
==<>==<>==<>==<>==<>==
==<>==<>==<>==<>==<>==
==<>==<>==<>==<>==<>==
==<>==<>==<>==<>==<>==
    }
==<>==<>==<>==<>==<>==
==<>==<>==<>==<>==<>==
==<>==<>==<>==<>==<>==
==<>==<>==<>==<>==<>==
==<>==<>==<>==<>==<>==
==<>==<>==<>==<>==<>==
==<>==<>==<>==<>==<>==
==<>==<>==<>==<>==<>==
==<>==<>==<>==<>==<>==
==<>==<>==<>==<>==<>==
    }
==<>==<>==<>==<>==<>==
==<>==<>==<>==<>==<>==
==<>==<>==<>==<>==<>==
==<>==<>==<>==<>==<>==
==<>==<>==<>==<>==<>==
==<>==<>==<>==<>==<>==
==<>==<>==<>==<>==<>==
==<>==<>==<>==<>==<>==
==<>==<>==<>==<>==<>==
==<>==<>==<>==<>==<>==
==<>==<>==<>==<>==<>==
==<>==<>==<>==<>==<>==
    }
==<>==<>==<>==<>==<>==
==<>==<>==<>==<>==<>==
==<>==<>==<>==<>==<>==
==<>==<>==<>==<>==<>==
==<>==<>==<>==<>==<>==
==<>==<>==<>==<>==<>==
==<>==<>==<>==<>==<>==
==<>==<>==<>==<>==<>==
==<>==<>==<>==<>==<>==
==<>==<>==<>==<>==<>==
==<>==<>==<>==<>==<>==
==<>==<>==<>==<>==<>==
    }
==<>==<>==<>==<>==<>==
==<>==<>==<>==<>==<>==
==<>==<>==<>==<>==<>==
==<>==<>==<>==<>==<>==
==<>==<>==<>==<>==<>==
    }
==<>==<>==<>==<>==<>==
==<>==<>==<>==<>==<>==
==<>==<>==<>==<>==<>==
==<>==<>==<>==<>==<>==
==<>==<>==<>==<>==<>==
==<>==<>==<>==<>==<>==
==<>==<>==<>==<>==<>==
==<>==<>==<>==<>==<>==
==<>==<>==<>==<>==<>==
==<>==<>==<>==<>==<>==
    }
==<>==<>==<>==<>==<>==
==<>==<>==<>==<>==<>==
==<>==<>==<>==<>==<>==
==<>==<>==<>==<>==<>==
    }
==<>==<>==<>==<>==<>==
==<>==<>==<>==<>==<>==
==<>==<>==<>==<>==<>==
==<>==<>==<>==<>==<>==
==<>==<>==<>==<>==<>==
==<>==<>==<>==<>==<>==
==<>==<>==<>==<>==<>==
==<>==<>==<>==<>==<>==
==<>==<>==<>==<>==<>==
==<>==<>==<>==<>==<>==
==<>==<>==<>==<>==<>==
==<>==<>==<>==<>==<>==
==<>==<>==<>==<>==<>==
    }
==<>==<>==<>==<>==<>==
==<>==<>==<>==<>==<>==
==<>==<>==<>==<>==<>==
==<>==<>==<>==<>==<>==
==<>==<>==<>==<>==<>==
==<>==<>==<>==<>==<>==
==<>==<>==<>==<>==<>==
    }
==<>==<>==<>==<>==<>==
==<>==<>==<>==<>==<>==
==<>==<>==<>==<>==<>==
==<>==<>==<>==<>==<>==
==<>==<>==<>==<>==<>==
==<>==<>==<>==<>==<>==
==<>==<>==<>==<>==<>==
==<>==<>==<>==<>==<>==
==<>==<>==<>==<>==<>==
==<>==<>==<>==<>==<>==
==<>==<>==<>==<>==<>==
==<>==<>==<>==<>==<>==
==<>==<>==<>==<>==<>==
==<>==<>==<>==<>==<>==
==<>==<>==<>==<>==<>==
==<>==<>==<>==<>==<>==
==<>==<>==<>==<>==<>==
==<>==<>==<>==<>==<>==
==<>==<>==<>==<>==<>==
==<>==<>==<>==<>==<>==
==<>==<>==<>==<>==<>==
==<>==<>==<>==<>==<>==
==<>==<>==<>==<>==<>==
    }
==<>==<>==<>==<>==<>==
==<>==<>==<>==<>==<>==
==<>==<>==<>==<>==<>==
==<>==<>==<>==<>==<>==
==<>==<>==<>==<>==<>==
==<>==<>==<>==<>==<>==
==<>==<>==<>==<>==<>==
==<>==<>==<>==<>==<>==
==<>==<>==<>==<>==<>==
==<>==<>==<>==<>==<>==
==<>==<>==<>==<>==<>==
==<>==<>==<>==<>==<>==
    }
==<>==<>==<>==<>==<>==
==<>==<>==<>==<>==<>==
==<>==<>==<>==<>==<>==
==<>==<>==<>==<>==<>==
    }
==<>==<>==<>==<>==<>==
==<>==<>==<>==<>==<>==
==<>==<>==<>==<>==<>==
==<>==<>==<>==<>==<>==
==<>==<>==<>==<>==<>==
==<>==<>==<>==<>==<>==
==<>==<>==<>==<>==<>==
==<>==<>==<>==<>==<>==
==<>==<>==<>==<>==<>==
==<>==<>==<>==<>==<>==
==<>==<>==<>==<>==<>==
==<>==<>==<>==<>==<>==
==<>==<>==<>==<>==<>==
==<>==<>==<>==<>==<>==
==<>==<>==<>==<>==<>==
==<>==<>==<>==<>==<>==
==<>==<>==<>==<>==<>==
==<>==<>==<>==<>==<>==
==<>==<>==<>==<>==<>==
==<>==<>==<>==<>==<>==
==<>==<>==<>==<>==<>==
==<>==<>==<>==<>==<>==
==<>==<>==<>==<>==<>==
==<>==<>==<>==<>==<>==
    }
==<>==<>==<>==<>==<>==
==<>==<>==<>==<>==<>==
==<>==<>==<>==<>==<>==
==<>==<>==<>==<>==<>==
==<>==<>==<>==<>==<>==
==<>==<>==<>==<>==<>==
==<>==<>==<>==<>==<>==
==<>==<>==<>==<>==<>==
==<>==<>==<>==<>==<>==
==<>==<>==<>==<>==<>==
==<>==<>==<>==<>==<>==
==<>==<>==<>==<>==<>==
==<>==<>==<>==<>==<>==
==<>==<>==<>==<>==<>==
==<>==<>==<>==<>==<>==
==<>==<>==<>==<>==<>==
==<>==<>==<>==<>==<>==
==<>==<>==<>==<>==<>==
==<>==<>==<>==<>==<>==
==<>==<>==<>==<>==<>==
==<>==<>==<>==<>==<>==
==<>==<>==<>==<>==<>==
==<>==<>==<>==<>==<>==
    }


    /**
     * 如果did的名字是 aa::bb::cc::dd
     * 则返回的是{aa, aa::bb, aa::bb::cc}这三个牌组对应的具体描述数据；
==<>==<>==<>==<>==<>==
==<>==<>==<>==<>==<>==
==<>==<>==<>==<>==<>==
==<>==<>==<>==<>==<>==
==<>==<>==<>==<>==<>==
==<>==<>==<>==<>==<>==
==<>==<>==<>==<>==<>==
==<>==<>==<>==<>==<>==
==<>==<>==<>==<>==<>==
==<>==<>==<>==<>==<>==
==<>==<>==<>==<>==<>==
==<>==<>==<>==<>==<>==
==<>==<>==<>==<>==<>==
==<>==<>==<>==<>==<>==
==<>==<>==<>==<>==<>==
==<>==<>==<>==<>==<>==
==<>==<>==<>==<>==<>==
==<>==<>==<>==<>==<>==
==<>==<>==<>==<>==<>==
==<>==<>==<>==<>==<>==
==<>==<>==<>==<>==<>==
==<>==<>==<>==<>==<>==
==<>==<>==<>==<>==<>==
==<>==<>==<>==<>==<>==
    }
==<>==<>==<>==<>==<>==
==<>==<>==<>==<>==<>==
==<>==<>==<>==<>==<>==
==<>==<>==<>==<>==<>==
==<>==<>==<>==<>==<>==
==<>==<>==<>==<>==<>==
==<>==<>==<>==<>==<>==
==<>==<>==<>==<>==<>==
==<>==<>==<>==<>==<>==
==<>==<>==<>==<>==<>==
==<>==<>==<>==<>==<>==
==<>==<>==<>==<>==<>==
==<>==<>==<>==<>==<>==
==<>==<>==<>==<>==<>==
==<>==<>==<>==<>==<>==
==<>==<>==<>==<>==<>==
==<>==<>==<>==<>==<>==
==<>==<>==<>==<>==<>==
==<>==<>==<>==<>==<>==
==<>==<>==<>==<>==<>==
==<>==<>==<>==<>==<>==
    }
==<>==<>==<>==<>==<>==
==<>==<>==<>==<>==<>==
==<>==<>==<>==<>==<>==
==<>==<>==<>==<>==<>==
==<>==<>==<>==<>==<>==
==<>==<>==<>==<>==<>==
==<>==<>==<>==<>==<>==
==<>==<>==<>==<>==<>==
==<>==<>==<>==<>==<>==
==<>==<>==<>==<>==<>==
==<>==<>==<>==<>==<>==
==<>==<>==<>==<>==<>==
==<>==<>==<>==<>==<>==
==<>==<>==<>==<>==<>==
==<>==<>==<>==<>==<>==
    }
==<>==<>==<>==<>==<>==
==<>==<>==<>==<>==<>==
==<>==<>==<>==<>==<>==
==<>==<>==<>==<>==<>==
==<>==<>==<>==<>==<>==
==<>==<>==<>==<>==<>==
==<>==<>==<>==<>==<>==
==<>==<>==<>==<>==<>==
    }
==<>==<>==<>==<>==<>==
==<>==<>==<>==<>==<>==
==<>==<>==<>==<>==<>==
==<>==<>==<>==<>==<>==
==<>==<>==<>==<>==<>==
==<>==<>==<>==<>==<>==
==<>==<>==<>==<>==<>==
==<>==<>==<>==<>==<>==
==<>==<>==<>==<>==<>==
==<>==<>==<>==<>==<>==
==<>==<>==<>==<>==<>==
    }
==<>==<>==<>==<>==<>==
==<>==<>==<>==<>==<>==
==<>==<>==<>==<>==<>==
==<>==<>==<>==<>==<>==
    }
}
