null/****************************************************************************************
 * Copyright (c) 2009 Daniel Svärd <daniel.svard@gmail.com>                             *
 * Copyright (c) 2010 Rick Gruber-Riemer <rick@vanosten.net>                            *
 * Copyright (c) 2011 Norbert Nagold <norbert.nagold@gmail.com>                         *
 * Copyright (c) 2011 Kostas Spyropoulos <inigo.aldana@gmail.com>                       *
 *                                                                                      *
 * This program is free software; you can redistribute it and/or modify it under        *
 * the terms of the GNU General Public License as published by the Free Software        *
 * Foundation; either version 3 of the License, or (at your option) any later           *
 * version.                                                                             *
 *                                                                                      *
 * This program is distributed in the hope that it will be useful, but WITHOUT ANY      *
 * WARRANTY; without even the implied warranty of MERCHANTABILITY or FITNESS FOR A      *
 * PARTICULAR PURPOSE. See the GNU General Public License for more details.             *
 *                                                                                      *
 * You should have received a copy of the GNU General Public License along with         *
 * this program.  If not, see <http://www.gnu.org/licenses/>.                           *
 ****************************************************************************************/

package com.ichi2.libanki;

import android.content.ContentValues;
import android.database.Cursor;
import android.util.Pair;

import com.ichi2.anki.exception.ConfirmModSchemaException;
import com.ichi2.libanki.template.Template;
import org.json.JSONArray;
import org.json.JSONException;
import org.json.JSONObject;

import java.util.ArrayList;
import java.util.Arrays;
import java.util.HashMap;
import java.util.HashSet;
import java.util.Iterator;
import java.util.List;
import java.util.Map;
import java.util.Map.Entry;
import java.util.Set;
import java.util.regex.Matcher;
import java.util.regex.Pattern;

public class Models {
    // 下面三个是用来匹配填空题类型的卡片的正则表达式；
    // faa{{addcloze:fa?:dddd?:fr}}fdas---从中筛选出 {{addcloze:fa?:dddd?:fr}}
    private static final Pattern fClozePattern1 = Pattern.compile("\\{\\{[^}]*?cloze:(?:[^}]?:)*(.+?)\\}\\}");
    // dfafd<%cloze:fafdafa%>afa---从中筛选出<%cloze:fafdafa%>
    private static final Pattern fClozePattern2 = Pattern.compile("<%cloze:(.+?)%>");
    // faa{{c233::fasfafe}}fdas---从中筛选出{{c233::fasfafe}}
    private static final Pattern fClozeOrdPattern = Pattern.compile("\\{\\{c(\\d+)::.+?\\}\\}");

    // 这个是默认笔记类型；
    public static final String defaultModel =
              "{'sortf': 0, "
            + "'did': 1, "
            + "'latexPre': \""
            + "\\\\documentclass[12pt]{article}\\n"
            + "\\\\special{papersize=3in,5in}\\n"
            + "\\\\usepackage[utf8]{inputenc}\\n"
            + "\\\\usepackage{amssymb,amsmath}\\n"
            + "\\\\pagestyle{empty}\\n"
            + "\\\\setlength{\\\\parindent}{0in}\\n"
            + "\\\\begin{document}\\n"
            + "\", "
            + "'latexPost': \"\\\\end{document}\", "
            + "'mod': 0, "
            + "'usn': 0, "
            + "'vers': [], " // FIXME: remove when other clients have caught up
            + "'type': "
            + Consts.MODEL_STD
            + ", "
            + "'css': \".card {\\n"
            + " font-familiy: arial;\\n"
            + " font-size: 20px;\\n"
            + " text-align: center;\\n"
            + " color: black;\\n"
            + " background-color: white;\\n"
            + "}\""
            + "}";
    // 默认的字段样式；
    private static final String defaultField = "{'name': \"\", " + "'ord': null, " + "'sticky': False, " +
    // the following alter editing, and are used as defaults for the template wizard
            // 以下的编辑，用来做默认字段模板制作向导
            "'rtl': False, " + "'font': \"Arial\", " + "'size': 20, " +
            // reserved for future use 保留字段，未来可能使用到；
            "'media': [] }";
    // 默认卡片模板；
    private static final String defaultTemplate = "{'name': \"\", " + "'ord': null, " + "'qfmt': \"\", "
            + "'afmt': \"\", " + "'did': null, " + "'bqfmt': \"\"," + "'bafmt': \"\"," + "'bfont': \"Arial\"," +
            "'bsize': 12 }";
==<>==<>==<>==<>==<>==
==<>==<>==<>==<>==<>==
==<>==<>==<>==<>==<>==
==<>==<>==<>==<>==<>==
==<>==<>==<>==<>==<>==
==<>==<>==<>==<>==<>==
==<>==<>==<>==<>==<>==
==<>==<>==<>==<>==<>==
==<>==<>==<>==<>==<>==
==<>==<>==<>==<>==<>==
==<>==<>==<>==<>==<>==
==<>==<>==<>==<>==<>==
==<>==<>==<>==<>==<>==
==<>==<>==<>==<>==<>==
==<>==<>==<>==<>==<>==
==<>==<>==<>==<>==<>==
==<>==<>==<>==<>==<>==
==<>==<>==<>==<>==<>==
==<>==<>==<>==<>==<>==
==<>==<>==<>==<>==<>==
==<>==<>==<>==<>==<>==
==<>==<>==<>==<>==<>==
==<>==<>==<>==<>==<>==
==<>==<>==<>==<>==<>==
==<>==<>==<>==<>==<>==
==<>==<>==<>==<>==<>==
==<>==<>==<>==<>==<>==
==<>==<>==<>==<>==<>==
==<>==<>==<>==<>==<>==
==<>==<>==<>==<>==<>==
==<>==<>==<>==<>==<>==
==<>==<>==<>==<>==<>==
==<>==<>==<>==<>==<>==
==<>==<>==<>==<>==<>==
==<>==<>==<>==<>==<>==
==<>==<>==<>==<>==<>==
==<>==<>==<>==<>==<>==
==<>==<>==<>==<>==<>==
==<>==<>==<>==<>==<>==
==<>==<>==<>==<>==<>==
==<>==<>==<>==<>==<>==
==<>==<>==<>==<>==<>==
==<>==<>==<>==<>==<>==
==<>==<>==<>==<>==<>==
==<>==<>==<>==<>==<>==
==<>==<>==<>==<>==<>==
==<>==<>==<>==<>==<>==
==<>==<>==<>==<>==<>==
==<>==<>==<>==<>==<>==
==<>==<>==<>==<>==<>==
==<>==<>==<>==<>==<>==
==<>==<>==<>==<>==<>==
==<>==<>==<>==<>==<>==
==<>==<>==<>==<>==<>==
==<>==<>==<>==<>==<>==
==<>==<>==<>==<>==<>==
==<>==<>==<>==<>==<>==
==<>==<>==<>==<>==<>==
==<>==<>==<>==<>==<>==
==<>==<>==<>==<>==<>==
==<>==<>==<>==<>==<>==
==<>==<>==<>==<>==<>==
==<>==<>==<>==<>==<>==
==<>==<>==<>==<>==<>==
==<>==<>==<>==<>==<>==
    }
==<>==<>==<>==<>==<>==
==<>==<>==<>==<>==<>==
==<>==<>==<>==<>==<>==
==<>==<>==<>==<>==<>==
==<>==<>==<>==<>==<>==
==<>==<>==<>==<>==<>==
==<>==<>==<>==<>==<>==
==<>==<>==<>==<>==<>==
==<>==<>==<>==<>==<>==
==<>==<>==<>==<>==<>==
==<>==<>==<>==<>==<>==
==<>==<>==<>==<>==<>==
==<>==<>==<>==<>==<>==
==<>==<>==<>==<>==<>==
==<>==<>==<>==<>==<>==
==<>==<>==<>==<>==<>==
==<>==<>==<>==<>==<>==
==<>==<>==<>==<>==<>==
==<>==<>==<>==<>==<>==
==<>==<>==<>==<>==<>==
==<>==<>==<>==<>==<>==
==<>==<>==<>==<>==<>==
    }
==<>==<>==<>==<>==<>==
==<>==<>==<>==<>==<>==
==<>==<>==<>==<>==<>==
==<>==<>==<>==<>==<>==
==<>==<>==<>==<>==<>==
==<>==<>==<>==<>==<>==
==<>==<>==<>==<>==<>==
    }
==<>==<>==<>==<>==<>==
==<>==<>==<>==<>==<>==
==<>==<>==<>==<>==<>==
==<>==<>==<>==<>==<>==
    }
==<>==<>==<>==<>==<>==
==<>==<>==<>==<>==<>==
==<>==<>==<>==<>==<>==
==<>==<>==<>==<>==<>==
==<>==<>==<>==<>==<>==
==<>==<>==<>==<>==<>==
==<>==<>==<>==<>==<>==
==<>==<>==<>==<>==<>==
==<>==<>==<>==<>==<>==
==<>==<>==<>==<>==<>==
==<>==<>==<>==<>==<>==
==<>==<>==<>==<>==<>==
==<>==<>==<>==<>==<>==
==<>==<>==<>==<>==<>==
==<>==<>==<>==<>==<>==
==<>==<>==<>==<>==<>==
==<>==<>==<>==<>==<>==
==<>==<>==<>==<>==<>==
==<>==<>==<>==<>==<>==
==<>==<>==<>==<>==<>==
==<>==<>==<>==<>==<>==
==<>==<>==<>==<>==<>==
==<>==<>==<>==<>==<>==
==<>==<>==<>==<>==<>==
==<>==<>==<>==<>==<>==
==<>==<>==<>==<>==<>==
==<>==<>==<>==<>==<>==
==<>==<>==<>==<>==<>==
==<>==<>==<>==<>==<>==
==<>==<>==<>==<>==<>==
==<>==<>==<>==<>==<>==
==<>==<>==<>==<>==<>==
==<>==<>==<>==<>==<>==
    }
==<>==<>==<>==<>==<>==
==<>==<>==<>==<>==<>==
==<>==<>==<>==<>==<>==
==<>==<>==<>==<>==<>==
==<>==<>==<>==<>==<>==
==<>==<>==<>==<>==<>==
==<>==<>==<>==<>==<>==
==<>==<>==<>==<>==<>==
==<>==<>==<>==<>==<>==
==<>==<>==<>==<>==<>==
==<>==<>==<>==<>==<>==
==<>==<>==<>==<>==<>==
==<>==<>==<>==<>==<>==
==<>==<>==<>==<>==<>==
==<>==<>==<>==<>==<>==
==<>==<>==<>==<>==<>==
==<>==<>==<>==<>==<>==
==<>==<>==<>==<>==<>==
==<>==<>==<>==<>==<>==
==<>==<>==<>==<>==<>==
==<>==<>==<>==<>==<>==
    }
==<>==<>==<>==<>==<>==
==<>==<>==<>==<>==<>==
==<>==<>==<>==<>==<>==
==<>==<>==<>==<>==<>==
==<>==<>==<>==<>==<>==
==<>==<>==<>==<>==<>==
==<>==<>==<>==<>==<>==
==<>==<>==<>==<>==<>==
==<>==<>==<>==<>==<>==
==<>==<>==<>==<>==<>==
==<>==<>==<>==<>==<>==
==<>==<>==<>==<>==<>==
==<>==<>==<>==<>==<>==
==<>==<>==<>==<>==<>==
    }
==<>==<>==<>==<>==<>==
==<>==<>==<>==<>==<>==
==<>==<>==<>==<>==<>==
==<>==<>==<>==<>==<>==
==<>==<>==<>==<>==<>==
==<>==<>==<>==<>==<>==
==<>==<>==<>==<>==<>==
==<>==<>==<>==<>==<>==
==<>==<>==<>==<>==<>==
==<>==<>==<>==<>==<>==
==<>==<>==<>==<>==<>==
==<>==<>==<>==<>==<>==
==<>==<>==<>==<>==<>==
==<>==<>==<>==<>==<>==
==<>==<>==<>==<>==<>==
==<>==<>==<>==<>==<>==
==<>==<>==<>==<>==<>==
==<>==<>==<>==<>==<>==
==<>==<>==<>==<>==<>==
==<>==<>==<>==<>==<>==
==<>==<>==<>==<>==<>==
==<>==<>==<>==<>==<>==
==<>==<>==<>==<>==<>==
==<>==<>==<>==<>==<>==
==<>==<>==<>==<>==<>==
    }
==<>==<>==<>==<>==<>==
==<>==<>==<>==<>==<>==
==<>==<>==<>==<>==<>==
==<>==<>==<>==<>==<>==
==<>==<>==<>==<>==<>==
==<>==<>==<>==<>==<>==
==<>==<>==<>==<>==<>==
==<>==<>==<>==<>==<>==
==<>==<>==<>==<>==<>==
    }
==<>==<>==<>==<>==<>==
==<>==<>==<>==<>==<>==
==<>==<>==<>==<>==<>==
==<>==<>==<>==<>==<>==
==<>==<>==<>==<>==<>==
==<>==<>==<>==<>==<>==
==<>==<>==<>==<>==<>==
==<>==<>==<>==<>==<>==
==<>==<>==<>==<>==<>==
==<>==<>==<>==<>==<>==
==<>==<>==<>==<>==<>==
    }
==<>==<>==<>==<>==<>==
==<>==<>==<>==<>==<>==
==<>==<>==<>==<>==<>==
==<>==<>==<>==<>==<>==
==<>==<>==<>==<>==<>==
==<>==<>==<>==<>==<>==
==<>==<>==<>==<>==<>==
==<>==<>==<>==<>==<>==
==<>==<>==<>==<>==<>==
==<>==<>==<>==<>==<>==
==<>==<>==<>==<>==<>==
==<>==<>==<>==<>==<>==
    }
==<>==<>==<>==<>==<>==
==<>==<>==<>==<>==<>==
==<>==<>==<>==<>==<>==
==<>==<>==<>==<>==<>==
==<>==<>==<>==<>==<>==
==<>==<>==<>==<>==<>==
==<>==<>==<>==<>==<>==
==<>==<>==<>==<>==<>==
==<>==<>==<>==<>==<>==
==<>==<>==<>==<>==<>==
==<>==<>==<>==<>==<>==
==<>==<>==<>==<>==<>==
==<>==<>==<>==<>==<>==
==<>==<>==<>==<>==<>==
==<>==<>==<>==<>==<>==
==<>==<>==<>==<>==<>==
    }
==<>==<>==<>==<>==<>==
==<>==<>==<>==<>==<>==
==<>==<>==<>==<>==<>==
==<>==<>==<>==<>==<>==
==<>==<>==<>==<>==<>==
==<>==<>==<>==<>==<>==
==<>==<>==<>==<>==<>==
==<>==<>==<>==<>==<>==
==<>==<>==<>==<>==<>==
==<>==<>==<>==<>==<>==
==<>==<>==<>==<>==<>==
==<>==<>==<>==<>==<>==
==<>==<>==<>==<>==<>==
==<>==<>==<>==<>==<>==
==<>==<>==<>==<>==<>==
==<>==<>==<>==<>==<>==
==<>==<>==<>==<>==<>==
==<>==<>==<>==<>==<>==
==<>==<>==<>==<>==<>==
==<>==<>==<>==<>==<>==
    }
==<>==<>==<>==<>==<>==
==<>==<>==<>==<>==<>==
==<>==<>==<>==<>==<>==
==<>==<>==<>==<>==<>==
==<>==<>==<>==<>==<>==
==<>==<>==<>==<>==<>==
==<>==<>==<>==<>==<>==
==<>==<>==<>==<>==<>==
==<>==<>==<>==<>==<>==
==<>==<>==<>==<>==<>==
==<>==<>==<>==<>==<>==
==<>==<>==<>==<>==<>==
==<>==<>==<>==<>==<>==
==<>==<>==<>==<>==<>==
==<>==<>==<>==<>==<>==
==<>==<>==<>==<>==<>==
==<>==<>==<>==<>==<>==
==<>==<>==<>==<>==<>==
==<>==<>==<>==<>==<>==
==<>==<>==<>==<>==<>==
==<>==<>==<>==<>==<>==
==<>==<>==<>==<>==<>==
==<>==<>==<>==<>==<>==
==<>==<>==<>==<>==<>==
==<>==<>==<>==<>==<>==
==<>==<>==<>==<>==<>==
==<>==<>==<>==<>==<>==
==<>==<>==<>==<>==<>==
    }
==<>==<>==<>==<>==<>==
==<>==<>==<>==<>==<>==
==<>==<>==<>==<>==<>==
==<>==<>==<>==<>==<>==
==<>==<>==<>==<>==<>==
==<>==<>==<>==<>==<>==
==<>==<>==<>==<>==<>==
==<>==<>==<>==<>==<>==
==<>==<>==<>==<>==<>==
==<>==<>==<>==<>==<>==
==<>==<>==<>==<>==<>==
    }
==<>==<>==<>==<>==<>==
==<>==<>==<>==<>==<>==
==<>==<>==<>==<>==<>==
==<>==<>==<>==<>==<>==
==<>==<>==<>==<>==<>==
==<>==<>==<>==<>==<>==
==<>==<>==<>==<>==<>==
==<>==<>==<>==<>==<>==
==<>==<>==<>==<>==<>==
==<>==<>==<>==<>==<>==
==<>==<>==<>==<>==<>==
==<>==<>==<>==<>==<>==
==<>==<>==<>==<>==<>==
    }
==<>==<>==<>==<>==<>==
==<>==<>==<>==<>==<>==
==<>==<>==<>==<>==<>==
==<>==<>==<>==<>==<>==
==<>==<>==<>==<>==<>==
==<>==<>==<>==<>==<>==
==<>==<>==<>==<>==<>==
==<>==<>==<>==<>==<>==
==<>==<>==<>==<>==<>==
==<>==<>==<>==<>==<>==
==<>==<>==<>==<>==<>==
==<>==<>==<>==<>==<>==
    }
==<>==<>==<>==<>==<>==
==<>==<>==<>==<>==<>==
==<>==<>==<>==<>==<>==
==<>==<>==<>==<>==<>==
    }
==<>==<>==<>==<>==<>==
==<>==<>==<>==<>==<>==
==<>==<>==<>==<>==<>==
==<>==<>==<>==<>==<>==
==<>==<>==<>==<>==<>==
==<>==<>==<>==<>==<>==
==<>==<>==<>==<>==<>==
==<>==<>==<>==<>==<>==
==<>==<>==<>==<>==<>==
==<>==<>==<>==<>==<>==
==<>==<>==<>==<>==<>==
    }
==<>==<>==<>==<>==<>==
==<>==<>==<>==<>==<>==
==<>==<>==<>==<>==<>==
==<>==<>==<>==<>==<>==
==<>==<>==<>==<>==<>==
==<>==<>==<>==<>==<>==
==<>==<>==<>==<>==<>==
==<>==<>==<>==<>==<>==
==<>==<>==<>==<>==<>==
==<>==<>==<>==<>==<>==
==<>==<>==<>==<>==<>==
==<>==<>==<>==<>==<>==
==<>==<>==<>==<>==<>==
==<>==<>==<>==<>==<>==
==<>==<>==<>==<>==<>==
    }
==<>==<>==<>==<>==<>==
==<>==<>==<>==<>==<>==
==<>==<>==<>==<>==<>==
==<>==<>==<>==<>==<>==
==<>==<>==<>==<>==<>==
==<>==<>==<>==<>==<>==
==<>==<>==<>==<>==<>==
==<>==<>==<>==<>==<>==
==<>==<>==<>==<>==<>==
==<>==<>==<>==<>==<>==
==<>==<>==<>==<>==<>==
==<>==<>==<>==<>==<>==
    }
==<>==<>==<>==<>==<>==
==<>==<>==<>==<>==<>==
==<>==<>==<>==<>==<>==
==<>==<>==<>==<>==<>==
==<>==<>==<>==<>==<>==
==<>==<>==<>==<>==<>==
==<>==<>==<>==<>==<>==
==<>==<>==<>==<>==<>==
==<>==<>==<>==<>==<>==
==<>==<>==<>==<>==<>==
==<>==<>==<>==<>==<>==
==<>==<>==<>==<>==<>==
==<>==<>==<>==<>==<>==
    }
==<>==<>==<>==<>==<>==
==<>==<>==<>==<>==<>==
==<>==<>==<>==<>==<>==
==<>==<>==<>==<>==<>==
==<>==<>==<>==<>==<>==
==<>==<>==<>==<>==<>==
==<>==<>==<>==<>==<>==
==<>==<>==<>==<>==<>==
==<>==<>==<>==<>==<>==
==<>==<>==<>==<>==<>==
==<>==<>==<>==<>==<>==
==<>==<>==<>==<>==<>==
==<>==<>==<>==<>==<>==
==<>==<>==<>==<>==<>==
==<>==<>==<>==<>==<>==
==<>==<>==<>==<>==<>==
==<>==<>==<>==<>==<>==
==<>==<>==<>==<>==<>==
    }
==<>==<>==<>==<>==<>==
==<>==<>==<>==<>==<>==
==<>==<>==<>==<>==<>==
==<>==<>==<>==<>==<>==
==<>==<>==<>==<>==<>==
==<>==<>==<>==<>==<>==
==<>==<>==<>==<>==<>==
==<>==<>==<>==<>==<>==
==<>==<>==<>==<>==<>==
==<>==<>==<>==<>==<>==
==<>==<>==<>==<>==<>==
==<>==<>==<>==<>==<>==
==<>==<>==<>==<>==<>==
==<>==<>==<>==<>==<>==
==<>==<>==<>==<>==<>==
==<>==<>==<>==<>==<>==
    }


    /** "Mapping of field name -> (ord, field).
     *  比如： 字段有“正面”和“背面”，正面是第一个字段，背面是第二个字段；
     *  则返回的map集合的第一个元素就是下面的样式：
     *  { “正面” {0， {name:“正面”， sticky:false, rtl:false, ord:0, font:"Arial", size:20}}}
     *  { “背面” {1， {name:“背面”， sticky:false, rtl:false, ord:1, font:"Arial", size:20}}}
==<>==<>==<>==<>==<>==
==<>==<>==<>==<>==<>==
==<>==<>==<>==<>==<>==
==<>==<>==<>==<>==<>==
==<>==<>==<>==<>==<>==
==<>==<>==<>==<>==<>==
==<>==<>==<>==<>==<>==
==<>==<>==<>==<>==<>==
==<>==<>==<>==<>==<>==
==<>==<>==<>==<>==<>==
==<>==<>==<>==<>==<>==
==<>==<>==<>==<>==<>==
==<>==<>==<>==<>==<>==
==<>==<>==<>==<>==<>==
==<>==<>==<>==<>==<>==
    }
==<>==<>==<>==<>==<>==
==<>==<>==<>==<>==<>==
==<>==<>==<>==<>==<>==
==<>==<>==<>==<>==<>==
==<>==<>==<>==<>==<>==
==<>==<>==<>==<>==<>==
==<>==<>==<>==<>==<>==
==<>==<>==<>==<>==<>==
==<>==<>==<>==<>==<>==
==<>==<>==<>==<>==<>==
==<>==<>==<>==<>==<>==
==<>==<>==<>==<>==<>==
==<>==<>==<>==<>==<>==
==<>==<>==<>==<>==<>==
==<>==<>==<>==<>==<>==
    }
==<>==<>==<>==<>==<>==
==<>==<>==<>==<>==<>==
==<>==<>==<>==<>==<>==
==<>==<>==<>==<>==<>==
==<>==<>==<>==<>==<>==
==<>==<>==<>==<>==<>==
==<>==<>==<>==<>==<>==
==<>==<>==<>==<>==<>==
    }
==<>==<>==<>==<>==<>==
==<>==<>==<>==<>==<>==
==<>==<>==<>==<>==<>==
==<>==<>==<>==<>==<>==
==<>==<>==<>==<>==<>==
==<>==<>==<>==<>==<>==
==<>==<>==<>==<>==<>==
==<>==<>==<>==<>==<>==
==<>==<>==<>==<>==<>==
==<>==<>==<>==<>==<>==
==<>==<>==<>==<>==<>==
==<>==<>==<>==<>==<>==
    }
==<>==<>==<>==<>==<>==
==<>==<>==<>==<>==<>==
==<>==<>==<>==<>==<>==
==<>==<>==<>==<>==<>==
==<>==<>==<>==<>==<>==
==<>==<>==<>==<>==<>==
==<>==<>==<>==<>==<>==
==<>==<>==<>==<>==<>==
==<>==<>==<>==<>==<>==
==<>==<>==<>==<>==<>==
==<>==<>==<>==<>==<>==
==<>==<>==<>==<>==<>==
==<>==<>==<>==<>==<>==
==<>==<>==<>==<>==<>==
==<>==<>==<>==<>==<>==
==<>==<>==<>==<>==<>==
==<>==<>==<>==<>==<>==
==<>==<>==<>==<>==<>==
==<>==<>==<>==<>==<>==
    }
==<>==<>==<>==<>==<>==
==<>==<>==<>==<>==<>==
==<>==<>==<>==<>==<>==
==<>==<>==<>==<>==<>==
==<>==<>==<>==<>==<>==
==<>==<>==<>==<>==<>==
==<>==<>==<>==<>==<>==
==<>==<>==<>==<>==<>==
==<>==<>==<>==<>==<>==
==<>==<>==<>==<>==<>==
==<>==<>==<>==<>==<>==
==<>==<>==<>==<>==<>==
==<>==<>==<>==<>==<>==
==<>==<>==<>==<>==<>==
        }
    }
==<>==<>==<>==<>==<>==
==<>==<>==<>==<>==<>==
==<>==<>==<>==<>==<>==
==<>==<>==<>==<>==<>==
==<>==<>==<>==<>==<>==
==<>==<>==<>==<>==<>==
==<>==<>==<>==<>==<>==
==<>==<>==<>==<>==<>==
==<>==<>==<>==<>==<>==
==<>==<>==<>==<>==<>==
==<>==<>==<>==<>==<>==
==<>==<>==<>==<>==<>==
==<>==<>==<>==<>==<>==
==<>==<>==<>==<>==<>==
==<>==<>==<>==<>==<>==
==<>==<>==<>==<>==<>==
==<>==<>==<>==<>==<>==
==<>==<>==<>==<>==<>==
==<>==<>==<>==<>==<>==
==<>==<>==<>==<>==<>==
==<>==<>==<>==<>==<>==
==<>==<>==<>==<>==<>==
==<>==<>==<>==<>==<>==
==<>==<>==<>==<>==<>==
==<>==<>==<>==<>==<>==
==<>==<>==<>==<>==<>==
==<>==<>==<>==<>==<>==
==<>==<>==<>==<>==<>==
==<>==<>==<>==<>==<>==
==<>==<>==<>==<>==<>==
==<>==<>==<>==<>==<>==
    }

    /**
     * 创建一个新的字段集合，此字段集合从形参中的字段数组转换而来，
     * 从这个新建立的字段数组中删除指定索引的那个字段，
     * 删除后将新的字段集合变成数组，将其返回
     */
    class TransformFieldDelete implements TransformFieldVisitor {
        private int idx;


        public TransformFieldDelete(int _idx) {
            idx = _idx;
        }
==<>==<>==<>==<>==<>==
==<>==<>==<>==<>==<>==
==<>==<>==<>==<>==<>==
==<>==<>==<>==<>==<>==
==<>==<>==<>==<>==<>==
==<>==<>==<>==<>==<>==
==<>==<>==<>==<>==<>==
==<>==<>==<>==<>==<>==
==<>==<>==<>==<>==<>==
==<>==<>==<>==<>==<>==
==<>==<>==<>==<>==<>==
==<>==<>==<>==<>==<>==
        }
    }
==<>==<>==<>==<>==<>==
==<>==<>==<>==<>==<>==
==<>==<>==<>==<>==<>==
==<>==<>==<>==<>==<>==
==<>==<>==<>==<>==<>==
==<>==<>==<>==<>==<>==
==<>==<>==<>==<>==<>==
==<>==<>==<>==<>==<>==
==<>==<>==<>==<>==<>==
==<>==<>==<>==<>==<>==
==<>==<>==<>==<>==<>==
==<>==<>==<>==<>==<>==
==<>==<>==<>==<>==<>==
==<>==<>==<>==<>==<>==
==<>==<>==<>==<>==<>==
==<>==<>==<>==<>==<>==
==<>==<>==<>==<>==<>==
==<>==<>==<>==<>==<>==
==<>==<>==<>==<>==<>==
==<>==<>==<>==<>==<>==
==<>==<>==<>==<>==<>==
==<>==<>==<>==<>==<>==
==<>==<>==<>==<>==<>==
==<>==<>==<>==<>==<>==
==<>==<>==<>==<>==<>==
==<>==<>==<>==<>==<>==
==<>==<>==<>==<>==<>==
==<>==<>==<>==<>==<>==
==<>==<>==<>==<>==<>==
==<>==<>==<>==<>==<>==
==<>==<>==<>==<>==<>==
==<>==<>==<>==<>==<>==
==<>==<>==<>==<>==<>==
==<>==<>==<>==<>==<>==
==<>==<>==<>==<>==<>==
==<>==<>==<>==<>==<>==
==<>==<>==<>==<>==<>==
==<>==<>==<>==<>==<>==
==<>==<>==<>==<>==<>==
==<>==<>==<>==<>==<>==
==<>==<>==<>==<>==<>==
==<>==<>==<>==<>==<>==
==<>==<>==<>==<>==<>==
==<>==<>==<>==<>==<>==
==<>==<>==<>==<>==<>==
==<>==<>==<>==<>==<>==
==<>==<>==<>==<>==<>==
==<>==<>==<>==<>==<>==
==<>==<>==<>==<>==<>==
==<>==<>==<>==<>==<>==
==<>==<>==<>==<>==<>==
    }

    /**
     * 移动字典数组中的位置，即，把某个字段放到新的索引位置，其他的字段怎么变动不用管；
     */
    class TransformFieldMove implements TransformFieldVisitor {
        private int idx;
        private int oldidx;


        public TransformFieldMove(int _idx, int _oldidx) {
            idx = _idx;
            oldidx = _oldidx;
        }
==<>==<>==<>==<>==<>==
==<>==<>==<>==<>==<>==
==<>==<>==<>==<>==<>==
==<>==<>==<>==<>==<>==
==<>==<>==<>==<>==<>==
==<>==<>==<>==<>==<>==
==<>==<>==<>==<>==<>==
==<>==<>==<>==<>==<>==
==<>==<>==<>==<>==<>==
==<>==<>==<>==<>==<>==
==<>==<>==<>==<>==<>==
==<>==<>==<>==<>==<>==
        }
    }
==<>==<>==<>==<>==<>==
==<>==<>==<>==<>==<>==
==<>==<>==<>==<>==<>==
==<>==<>==<>==<>==<>==
==<>==<>==<>==<>==<>==
==<>==<>==<>==<>==<>==
==<>==<>==<>==<>==<>==
==<>==<>==<>==<>==<>==
==<>==<>==<>==<>==<>==
==<>==<>==<>==<>==<>==
==<>==<>==<>==<>==<>==
==<>==<>==<>==<>==<>==
==<>==<>==<>==<>==<>==
==<>==<>==<>==<>==<>==
==<>==<>==<>==<>==<>==
==<>==<>==<>==<>==<>==
==<>==<>==<>==<>==<>==
==<>==<>==<>==<>==<>==
==<>==<>==<>==<>==<>==
==<>==<>==<>==<>==<>==
==<>==<>==<>==<>==<>==
==<>==<>==<>==<>==<>==
==<>==<>==<>==<>==<>==
==<>==<>==<>==<>==<>==
==<>==<>==<>==<>==<>==
==<>==<>==<>==<>==<>==
==<>==<>==<>==<>==<>==
==<>==<>==<>==<>==<>==
==<>==<>==<>==<>==<>==
==<>==<>==<>==<>==<>==
        }
        save(m);
    }
==<>==<>==<>==<>==<>==
==<>==<>==<>==<>==<>==
==<>==<>==<>==<>==<>==
==<>==<>==<>==<>==<>==
==<>==<>==<>==<>==<>==
==<>==<>==<>==<>==<>==
==<>==<>==<>==<>==<>==
==<>==<>==<>==<>==<>==
==<>==<>==<>==<>==<>==
==<>==<>==<>==<>==<>==
==<>==<>==<>==<>==<>==
==<>==<>==<>==<>==<>==
==<>==<>==<>==<>==<>==
    }

    // 这是个接口，可理解为匿名分类；它的作用是--字段迁移参观者；
    interface TransformFieldVisitor {
        public String[] transform(String[] fields);
    }
==<>==<>==<>==<>==<>==
==<>==<>==<>==<>==<>==
==<>==<>==<>==<>==<>==
==<>==<>==<>==<>==<>==
==<>==<>==<>==<>==<>==
==<>==<>==<>==<>==<>==
==<>==<>==<>==<>==<>==
==<>==<>==<>==<>==<>==
==<>==<>==<>==<>==<>==
==<>==<>==<>==<>==<>==
==<>==<>==<>==<>==<>==
==<>==<>==<>==<>==<>==
==<>==<>==<>==<>==<>==
==<>==<>==<>==<>==<>==
==<>==<>==<>==<>==<>==
==<>==<>==<>==<>==<>==
==<>==<>==<>==<>==<>==
==<>==<>==<>==<>==<>==
==<>==<>==<>==<>==<>==
==<>==<>==<>==<>==<>==
==<>==<>==<>==<>==<>==
==<>==<>==<>==<>==<>==
==<>==<>==<>==<>==<>==
==<>==<>==<>==<>==<>==
==<>==<>==<>==<>==<>==
==<>==<>==<>==<>==<>==
==<>==<>==<>==<>==<>==
==<>==<>==<>==<>==<>==
==<>==<>==<>==<>==<>==
==<>==<>==<>==<>==<>==
==<>==<>==<>==<>==<>==
    }
==<>==<>==<>==<>==<>==
==<>==<>==<>==<>==<>==
==<>==<>==<>==<>==<>==
==<>==<>==<>==<>==<>==
==<>==<>==<>==<>==<>==
==<>==<>==<>==<>==<>==
==<>==<>==<>==<>==<>==
==<>==<>==<>==<>==<>==
==<>==<>==<>==<>==<>==
==<>==<>==<>==<>==<>==
==<>==<>==<>==<>==<>==
==<>==<>==<>==<>==<>==
==<>==<>==<>==<>==<>==
==<>==<>==<>==<>==<>==
==<>==<>==<>==<>==<>==
==<>==<>==<>==<>==<>==
    }
==<>==<>==<>==<>==<>==
==<>==<>==<>==<>==<>==
==<>==<>==<>==<>==<>==
==<>==<>==<>==<>==<>==
==<>==<>==<>==<>==<>==
==<>==<>==<>==<>==<>==
==<>==<>==<>==<>==<>==
==<>==<>==<>==<>==<>==
==<>==<>==<>==<>==<>==
==<>==<>==<>==<>==<>==
==<>==<>==<>==<>==<>==
==<>==<>==<>==<>==<>==
==<>==<>==<>==<>==<>==
==<>==<>==<>==<>==<>==
==<>==<>==<>==<>==<>==
==<>==<>==<>==<>==<>==
==<>==<>==<>==<>==<>==
==<>==<>==<>==<>==<>==
==<>==<>==<>==<>==<>==
    }
==<>==<>==<>==<>==<>==
==<>==<>==<>==<>==<>==
==<>==<>==<>==<>==<>==
==<>==<>==<>==<>==<>==
==<>==<>==<>==<>==<>==
==<>==<>==<>==<>==<>==
==<>==<>==<>==<>==<>==
==<>==<>==<>==<>==<>==
==<>==<>==<>==<>==<>==
==<>==<>==<>==<>==<>==
==<>==<>==<>==<>==<>==
==<>==<>==<>==<>==<>==
==<>==<>==<>==<>==<>==
==<>==<>==<>==<>==<>==
==<>==<>==<>==<>==<>==
==<>==<>==<>==<>==<>==
==<>==<>==<>==<>==<>==
==<>==<>==<>==<>==<>==
==<>==<>==<>==<>==<>==
==<>==<>==<>==<>==<>==
==<>==<>==<>==<>==<>==
==<>==<>==<>==<>==<>==
==<>==<>==<>==<>==<>==
==<>==<>==<>==<>==<>==
==<>==<>==<>==<>==<>==
==<>==<>==<>==<>==<>==
==<>==<>==<>==<>==<>==
==<>==<>==<>==<>==<>==
==<>==<>==<>==<>==<>==
==<>==<>==<>==<>==<>==
==<>==<>==<>==<>==<>==
==<>==<>==<>==<>==<>==
==<>==<>==<>==<>==<>==
==<>==<>==<>==<>==<>==
==<>==<>==<>==<>==<>==
==<>==<>==<>==<>==<>==
==<>==<>==<>==<>==<>==
==<>==<>==<>==<>==<>==
==<>==<>==<>==<>==<>==
==<>==<>==<>==<>==<>==
==<>==<>==<>==<>==<>==
==<>==<>==<>==<>==<>==
==<>==<>==<>==<>==<>==
==<>==<>==<>==<>==<>==
==<>==<>==<>==<>==<>==
==<>==<>==<>==<>==<>==
==<>==<>==<>==<>==<>==
==<>==<>==<>==<>==<>==
==<>==<>==<>==<>==<>==
==<>==<>==<>==<>==<>==
==<>==<>==<>==<>==<>==
==<>==<>==<>==<>==<>==
==<>==<>==<>==<>==<>==
==<>==<>==<>==<>==<>==
==<>==<>==<>==<>==<>==
==<>==<>==<>==<>==<>==
==<>==<>==<>==<>==<>==
==<>==<>==<>==<>==<>==
==<>==<>==<>==<>==<>==
==<>==<>==<>==<>==<>==
==<>==<>==<>==<>==<>==
==<>==<>==<>==<>==<>==
==<>==<>==<>==<>==<>==
==<>==<>==<>==<>==<>==
==<>==<>==<>==<>==<>==
    }
==<>==<>==<>==<>==<>==
==<>==<>==<>==<>==<>==
==<>==<>==<>==<>==<>==
==<>==<>==<>==<>==<>==
==<>==<>==<>==<>==<>==
==<>==<>==<>==<>==<>==
==<>==<>==<>==<>==<>==
==<>==<>==<>==<>==<>==
==<>==<>==<>==<>==<>==
==<>==<>==<>==<>==<>==
==<>==<>==<>==<>==<>==
==<>==<>==<>==<>==<>==
==<>==<>==<>==<>==<>==
    }
==<>==<>==<>==<>==<>==
==<>==<>==<>==<>==<>==
==<>==<>==<>==<>==<>==
==<>==<>==<>==<>==<>==
==<>==<>==<>==<>==<>==
==<>==<>==<>==<>==<>==
==<>==<>==<>==<>==<>==
==<>==<>==<>==<>==<>==
==<>==<>==<>==<>==<>==
==<>==<>==<>==<>==<>==
==<>==<>==<>==<>==<>==
==<>==<>==<>==<>==<>==
==<>==<>==<>==<>==<>==
==<>==<>==<>==<>==<>==
==<>==<>==<>==<>==<>==
==<>==<>==<>==<>==<>==
==<>==<>==<>==<>==<>==
==<>==<>==<>==<>==<>==
==<>==<>==<>==<>==<>==
==<>==<>==<>==<>==<>==
==<>==<>==<>==<>==<>==
==<>==<>==<>==<>==<>==
==<>==<>==<>==<>==<>==
==<>==<>==<>==<>==<>==
==<>==<>==<>==<>==<>==
==<>==<>==<>==<>==<>==
==<>==<>==<>==<>==<>==
==<>==<>==<>==<>==<>==
==<>==<>==<>==<>==<>==
==<>==<>==<>==<>==<>==
==<>==<>==<>==<>==<>==
==<>==<>==<>==<>==<>==
==<>==<>==<>==<>==<>==
==<>==<>==<>==<>==<>==
==<>==<>==<>==<>==<>==
==<>==<>==<>==<>==<>==
==<>==<>==<>==<>==<>==
==<>==<>==<>==<>==<>==
==<>==<>==<>==<>==<>==
==<>==<>==<>==<>==<>==
==<>==<>==<>==<>==<>==
==<>==<>==<>==<>==<>==
==<>==<>==<>==<>==<>==
==<>==<>==<>==<>==<>==
==<>==<>==<>==<>==<>==
==<>==<>==<>==<>==<>==
==<>==<>==<>==<>==<>==
==<>==<>==<>==<>==<>==
==<>==<>==<>==<>==<>==
    }
==<>==<>==<>==<>==<>==
==<>==<>==<>==<>==<>==
==<>==<>==<>==<>==<>==
==<>==<>==<>==<>==<>==
==<>==<>==<>==<>==<>==
    }
==<>==<>==<>==<>==<>==
==<>==<>==<>==<>==<>==
==<>==<>==<>==<>==<>==
==<>==<>==<>==<>==<>==
==<>==<>==<>==<>==<>==
==<>==<>==<>==<>==<>==
==<>==<>==<>==<>==<>==
==<>==<>==<>==<>==<>==
==<>==<>==<>==<>==<>==
==<>==<>==<>==<>==<>==
==<>==<>==<>==<>==<>==
==<>==<>==<>==<>==<>==
==<>==<>==<>==<>==<>==
==<>==<>==<>==<>==<>==
==<>==<>==<>==<>==<>==
==<>==<>==<>==<>==<>==
==<>==<>==<>==<>==<>==
==<>==<>==<>==<>==<>==
==<>==<>==<>==<>==<>==
==<>==<>==<>==<>==<>==
==<>==<>==<>==<>==<>==
==<>==<>==<>==<>==<>==
==<>==<>==<>==<>==<>==
==<>==<>==<>==<>==<>==
==<>==<>==<>==<>==<>==
==<>==<>==<>==<>==<>==
==<>==<>==<>==<>==<>==
==<>==<>==<>==<>==<>==
==<>==<>==<>==<>==<>==
==<>==<>==<>==<>==<>==
    }
==<>==<>==<>==<>==<>==
==<>==<>==<>==<>==<>==
==<>==<>==<>==<>==<>==
==<>==<>==<>==<>==<>==
==<>==<>==<>==<>==<>==
==<>==<>==<>==<>==<>==
==<>==<>==<>==<>==<>==
==<>==<>==<>==<>==<>==
==<>==<>==<>==<>==<>==
==<>==<>==<>==<>==<>==
==<>==<>==<>==<>==<>==
==<>==<>==<>==<>==<>==
==<>==<>==<>==<>==<>==
==<>==<>==<>==<>==<>==
==<>==<>==<>==<>==<>==
==<>==<>==<>==<>==<>==
==<>==<>==<>==<>==<>==
==<>==<>==<>==<>==<>==
==<>==<>==<>==<>==<>==
==<>==<>==<>==<>==<>==
==<>==<>==<>==<>==<>==
==<>==<>==<>==<>==<>==
==<>==<>==<>==<>==<>==
==<>==<>==<>==<>==<>==
==<>==<>==<>==<>==<>==
==<>==<>==<>==<>==<>==
==<>==<>==<>==<>==<>==
==<>==<>==<>==<>==<>==
==<>==<>==<>==<>==<>==
==<>==<>==<>==<>==<>==
==<>==<>==<>==<>==<>==
==<>==<>==<>==<>==<>==
==<>==<>==<>==<>==<>==
==<>==<>==<>==<>==<>==
==<>==<>==<>==<>==<>==
==<>==<>==<>==<>==<>==
==<>==<>==<>==<>==<>==
==<>==<>==<>==<>==<>==
==<>==<>==<>==<>==<>==
==<>==<>==<>==<>==<>==
==<>==<>==<>==<>==<>==
==<>==<>==<>==<>==<>==
==<>==<>==<>==<>==<>==
==<>==<>==<>==<>==<>==
==<>==<>==<>==<>==<>==
==<>==<>==<>==<>==<>==
==<>==<>==<>==<>==<>==
==<>==<>==<>==<>==<>==
==<>==<>==<>==<>==<>==
==<>==<>==<>==<>==<>==
==<>==<>==<>==<>==<>==
==<>==<>==<>==<>==<>==
==<>==<>==<>==<>==<>==
==<>==<>==<>==<>==<>==
    }
==<>==<>==<>==<>==<>==
==<>==<>==<>==<>==<>==
==<>==<>==<>==<>==<>==
==<>==<>==<>==<>==<>==
==<>==<>==<>==<>==<>==
==<>==<>==<>==<>==<>==
==<>==<>==<>==<>==<>==
==<>==<>==<>==<>==<>==
==<>==<>==<>==<>==<>==
==<>==<>==<>==<>==<>==
==<>==<>==<>==<>==<>==
==<>==<>==<>==<>==<>==
==<>==<>==<>==<>==<>==
==<>==<>==<>==<>==<>==
==<>==<>==<>==<>==<>==
==<>==<>==<>==<>==<>==
==<>==<>==<>==<>==<>==
==<>==<>==<>==<>==<>==
==<>==<>==<>==<>==<>==
==<>==<>==<>==<>==<>==
==<>==<>==<>==<>==<>==
==<>==<>==<>==<>==<>==
==<>==<>==<>==<>==<>==
==<>==<>==<>==<>==<>==
==<>==<>==<>==<>==<>==
==<>==<>==<>==<>==<>==
==<>==<>==<>==<>==<>==
==<>==<>==<>==<>==<>==
==<>==<>==<>==<>==<>==
==<>==<>==<>==<>==<>==
==<>==<>==<>==<>==<>==
==<>==<>==<>==<>==<>==
==<>==<>==<>==<>==<>==
==<>==<>==<>==<>==<>==
==<>==<>==<>==<>==<>==
==<>==<>==<>==<>==<>==
==<>==<>==<>==<>==<>==
==<>==<>==<>==<>==<>==
==<>==<>==<>==<>==<>==
==<>==<>==<>==<>==<>==
==<>==<>==<>==<>==<>==
==<>==<>==<>==<>==<>==
==<>==<>==<>==<>==<>==
==<>==<>==<>==<>==<>==
==<>==<>==<>==<>==<>==
==<>==<>==<>==<>==<>==
==<>==<>==<>==<>==<>==
==<>==<>==<>==<>==<>==
==<>==<>==<>==<>==<>==
==<>==<>==<>==<>==<>==
==<>==<>==<>==<>==<>==
==<>==<>==<>==<>==<>==
==<>==<>==<>==<>==<>==
==<>==<>==<>==<>==<>==
==<>==<>==<>==<>==<>==
==<>==<>==<>==<>==<>==
==<>==<>==<>==<>==<>==
    }
==<>==<>==<>==<>==<>==
==<>==<>==<>==<>==<>==
==<>==<>==<>==<>==<>==
==<>==<>==<>==<>==<>==
==<>==<>==<>==<>==<>==
==<>==<>==<>==<>==<>==
==<>==<>==<>==<>==<>==
==<>==<>==<>==<>==<>==
==<>==<>==<>==<>==<>==
==<>==<>==<>==<>==<>==
==<>==<>==<>==<>==<>==
==<>==<>==<>==<>==<>==
==<>==<>==<>==<>==<>==
==<>==<>==<>==<>==<>==
==<>==<>==<>==<>==<>==
==<>==<>==<>==<>==<>==
==<>==<>==<>==<>==<>==
==<>==<>==<>==<>==<>==
==<>==<>==<>==<>==<>==
==<>==<>==<>==<>==<>==
==<>==<>==<>==<>==<>==
==<>==<>==<>==<>==<>==
==<>==<>==<>==<>==<>==
==<>==<>==<>==<>==<>==
==<>==<>==<>==<>==<>==
==<>==<>==<>==<>==<>==
    }
==<>==<>==<>==<>==<>==
==<>==<>==<>==<>==<>==
==<>==<>==<>==<>==<>==
==<>==<>==<>==<>==<>==
==<>==<>==<>==<>==<>==
==<>==<>==<>==<>==<>==
==<>==<>==<>==<>==<>==
==<>==<>==<>==<>==<>==
==<>==<>==<>==<>==<>==
==<>==<>==<>==<>==<>==
==<>==<>==<>==<>==<>==
==<>==<>==<>==<>==<>==
==<>==<>==<>==<>==<>==
==<>==<>==<>==<>==<>==
==<>==<>==<>==<>==<>==
==<>==<>==<>==<>==<>==
==<>==<>==<>==<>==<>==
==<>==<>==<>==<>==<>==
==<>==<>==<>==<>==<>==
==<>==<>==<>==<>==<>==
==<>==<>==<>==<>==<>==
==<>==<>==<>==<>==<>==
==<>==<>==<>==<>==<>==
==<>==<>==<>==<>==<>==
==<>==<>==<>==<>==<>==
==<>==<>==<>==<>==<>==
==<>==<>==<>==<>==<>==
==<>==<>==<>==<>==<>==
==<>==<>==<>==<>==<>==
==<>==<>==<>==<>==<>==
==<>==<>==<>==<>==<>==
==<>==<>==<>==<>==<>==
==<>==<>==<>==<>==<>==
==<>==<>==<>==<>==<>==
==<>==<>==<>==<>==<>==
==<>==<>==<>==<>==<>==
==<>==<>==<>==<>==<>==
==<>==<>==<>==<>==<>==
==<>==<>==<>==<>==<>==
==<>==<>==<>==<>==<>==
    }

    /**
     *
     * @param m 是Model ,是笔记类型；
     * @param flds  是笔记类型中的字段名称的集合；
     * @param t 是笔记类型中的 卡片模板中的某一个；
     * @return 这个卡片模板中需要的字段；比如：{“all”, [1]},或是{“any”,[0,1,3]}
==<>==<>==<>==<>==<>==
==<>==<>==<>==<>==<>==
==<>==<>==<>==<>==<>==
==<>==<>==<>==<>==<>==
==<>==<>==<>==<>==<>==
==<>==<>==<>==<>==<>==
==<>==<>==<>==<>==<>==
==<>==<>==<>==<>==<>==
==<>==<>==<>==<>==<>==
==<>==<>==<>==<>==<>==
==<>==<>==<>==<>==<>==
==<>==<>==<>==<>==<>==
==<>==<>==<>==<>==<>==
==<>==<>==<>==<>==<>==
==<>==<>==<>==<>==<>==
==<>==<>==<>==<>==<>==
==<>==<>==<>==<>==<>==
==<>==<>==<>==<>==<>==
==<>==<>==<>==<>==<>==
==<>==<>==<>==<>==<>==
==<>==<>==<>==<>==<>==
==<>==<>==<>==<>==<>==
==<>==<>==<>==<>==<>==
==<>==<>==<>==<>==<>==
==<>==<>==<>==<>==<>==
==<>==<>==<>==<>==<>==
==<>==<>==<>==<>==<>==
==<>==<>==<>==<>==<>==
==<>==<>==<>==<>==<>==
==<>==<>==<>==<>==<>==
==<>==<>==<>==<>==<>==
==<>==<>==<>==<>==<>==
==<>==<>==<>==<>==<>==
==<>==<>==<>==<>==<>==
==<>==<>==<>==<>==<>==
==<>==<>==<>==<>==<>==
==<>==<>==<>==<>==<>==
==<>==<>==<>==<>==<>==
==<>==<>==<>==<>==<>==
==<>==<>==<>==<>==<>==
==<>==<>==<>==<>==<>==
==<>==<>==<>==<>==<>==
==<>==<>==<>==<>==<>==
==<>==<>==<>==<>==<>==
==<>==<>==<>==<>==<>==
==<>==<>==<>==<>==<>==
==<>==<>==<>==<>==<>==
==<>==<>==<>==<>==<>==
==<>==<>==<>==<>==<>==
==<>==<>==<>==<>==<>==
==<>==<>==<>==<>==<>==
==<>==<>==<>==<>==<>==
==<>==<>==<>==<>==<>==
==<>==<>==<>==<>==<>==
==<>==<>==<>==<>==<>==
==<>==<>==<>==<>==<>==
==<>==<>==<>==<>==<>==
==<>==<>==<>==<>==<>==
==<>==<>==<>==<>==<>==
==<>==<>==<>==<>==<>==
==<>==<>==<>==<>==<>==
==<>==<>==<>==<>==<>==
==<>==<>==<>==<>==<>==
==<>==<>==<>==<>==<>==
==<>==<>==<>==<>==<>==
==<>==<>==<>==<>==<>==
==<>==<>==<>==<>==<>==
==<>==<>==<>==<>==<>==
==<>==<>==<>==<>==<>==
    }
==<>==<>==<>==<>==<>==
==<>==<>==<>==<>==<>==
==<>==<>==<>==<>==<>==
==<>==<>==<>==<>==<>==
==<>==<>==<>==<>==<>==
==<>==<>==<>==<>==<>==
==<>==<>==<>==<>==<>==
==<>==<>==<>==<>==<>==
==<>==<>==<>==<>==<>==
==<>==<>==<>==<>==<>==
==<>==<>==<>==<>==<>==
==<>==<>==<>==<>==<>==
==<>==<>==<>==<>==<>==
==<>==<>==<>==<>==<>==
==<>==<>==<>==<>==<>==
==<>==<>==<>==<>==<>==
==<>==<>==<>==<>==<>==
==<>==<>==<>==<>==<>==
==<>==<>==<>==<>==<>==
==<>==<>==<>==<>==<>==
==<>==<>==<>==<>==<>==
==<>==<>==<>==<>==<>==
==<>==<>==<>==<>==<>==
==<>==<>==<>==<>==<>==
==<>==<>==<>==<>==<>==
==<>==<>==<>==<>==<>==
==<>==<>==<>==<>==<>==
==<>==<>==<>==<>==<>==
==<>==<>==<>==<>==<>==
==<>==<>==<>==<>==<>==
==<>==<>==<>==<>==<>==
==<>==<>==<>==<>==<>==
==<>==<>==<>==<>==<>==
==<>==<>==<>==<>==<>==
==<>==<>==<>==<>==<>==
==<>==<>==<>==<>==<>==
==<>==<>==<>==<>==<>==
==<>==<>==<>==<>==<>==
==<>==<>==<>==<>==<>==
==<>==<>==<>==<>==<>==
==<>==<>==<>==<>==<>==
==<>==<>==<>==<>==<>==
==<>==<>==<>==<>==<>==
==<>==<>==<>==<>==<>==
==<>==<>==<>==<>==<>==
==<>==<>==<>==<>==<>==
==<>==<>==<>==<>==<>==
==<>==<>==<>==<>==<>==
==<>==<>==<>==<>==<>==
==<>==<>==<>==<>==<>==
==<>==<>==<>==<>==<>==
==<>==<>==<>==<>==<>==
==<>==<>==<>==<>==<>==
==<>==<>==<>==<>==<>==
==<>==<>==<>==<>==<>==
==<>==<>==<>==<>==<>==
==<>==<>==<>==<>==<>==
==<>==<>==<>==<>==<>==
==<>==<>==<>==<>==<>==
==<>==<>==<>==<>==<>==
==<>==<>==<>==<>==<>==
    }
==<>==<>==<>==<>==<>==
==<>==<>==<>==<>==<>==
==<>==<>==<>==<>==<>==
==<>==<>==<>==<>==<>==
    }
==<>==<>==<>==<>==<>==
==<>==<>==<>==<>==<>==
==<>==<>==<>==<>==<>==
==<>==<>==<>==<>==<>==
==<>==<>==<>==<>==<>==
==<>==<>==<>==<>==<>==
==<>==<>==<>==<>==<>==
==<>==<>==<>==<>==<>==
==<>==<>==<>==<>==<>==
==<>==<>==<>==<>==<>==
==<>==<>==<>==<>==<>==
==<>==<>==<>==<>==<>==
==<>==<>==<>==<>==<>==
==<>==<>==<>==<>==<>==
==<>==<>==<>==<>==<>==
==<>==<>==<>==<>==<>==
==<>==<>==<>==<>==<>==
==<>==<>==<>==<>==<>==
==<>==<>==<>==<>==<>==
==<>==<>==<>==<>==<>==
==<>==<>==<>==<>==<>==
==<>==<>==<>==<>==<>==
==<>==<>==<>==<>==<>==
==<>==<>==<>==<>==<>==
==<>==<>==<>==<>==<>==
==<>==<>==<>==<>==<>==
==<>==<>==<>==<>==<>==
==<>==<>==<>==<>==<>==
==<>==<>==<>==<>==<>==
==<>==<>==<>==<>==<>==
==<>==<>==<>==<>==<>==
==<>==<>==<>==<>==<>==
==<>==<>==<>==<>==<>==
==<>==<>==<>==<>==<>==
==<>==<>==<>==<>==<>==
==<>==<>==<>==<>==<>==
==<>==<>==<>==<>==<>==
==<>==<>==<>==<>==<>==
==<>==<>==<>==<>==<>==
==<>==<>==<>==<>==<>==
==<>==<>==<>==<>==<>==
==<>==<>==<>==<>==<>==
==<>==<>==<>==<>==<>==
==<>==<>==<>==<>==<>==
==<>==<>==<>==<>==<>==
==<>==<>==<>==<>==<>==
==<>==<>==<>==<>==<>==
==<>==<>==<>==<>==<>==
==<>==<>==<>==<>==<>==
==<>==<>==<>==<>==<>==
==<>==<>==<>==<>==<>==
==<>==<>==<>==<>==<>==
==<>==<>==<>==<>==<>==
==<>==<>==<>==<>==<>==
==<>==<>==<>==<>==<>==
==<>==<>==<>==<>==<>==
==<>==<>==<>==<>==<>==
==<>==<>==<>==<>==<>==
==<>==<>==<>==<>==<>==
==<>==<>==<>==<>==<>==
==<>==<>==<>==<>==<>==
==<>==<>==<>==<>==<>==
    }
==<>==<>==<>==<>==<>==
==<>==<>==<>==<>==<>==
==<>==<>==<>==<>==<>==
==<>==<>==<>==<>==<>==
==<>==<>==<>==<>==<>==
==<>==<>==<>==<>==<>==
==<>==<>==<>==<>==<>==
==<>==<>==<>==<>==<>==
==<>==<>==<>==<>==<>==
==<>==<>==<>==<>==<>==
==<>==<>==<>==<>==<>==
==<>==<>==<>==<>==<>==
==<>==<>==<>==<>==<>==
==<>==<>==<>==<>==<>==
==<>==<>==<>==<>==<>==
==<>==<>==<>==<>==<>==
==<>==<>==<>==<>==<>==
    }
==<>==<>==<>==<>==<>==
==<>==<>==<>==<>==<>==
==<>==<>==<>==<>==<>==
==<>==<>==<>==<>==<>==
==<>==<>==<>==<>==<>==
==<>==<>==<>==<>==<>==
==<>==<>==<>==<>==<>==
==<>==<>==<>==<>==<>==
==<>==<>==<>==<>==<>==
==<>==<>==<>==<>==<>==
    }
==<>==<>==<>==<>==<>==
==<>==<>==<>==<>==<>==
==<>==<>==<>==<>==<>==
==<>==<>==<>==<>==<>==
==<>==<>==<>==<>==<>==
==<>==<>==<>==<>==<>==
==<>==<>==<>==<>==<>==
==<>==<>==<>==<>==<>==
==<>==<>==<>==<>==<>==
==<>==<>==<>==<>==<>==
==<>==<>==<>==<>==<>==
==<>==<>==<>==<>==<>==
==<>==<>==<>==<>==<>==
==<>==<>==<>==<>==<>==
==<>==<>==<>==<>==<>==
==<>==<>==<>==<>==<>==
==<>==<>==<>==<>==<>==
==<>==<>==<>==<>==<>==
==<>==<>==<>==<>==<>==
==<>==<>==<>==<>==<>==
==<>==<>==<>==<>==<>==
==<>==<>==<>==<>==<>==
==<>==<>==<>==<>==<>==
==<>==<>==<>==<>==<>==
==<>==<>==<>==<>==<>==
==<>==<>==<>==<>==<>==
==<>==<>==<>==<>==<>==
==<>==<>==<>==<>==<>==
==<>==<>==<>==<>==<>==
==<>==<>==<>==<>==<>==
==<>==<>==<>==<>==<>==
    }
==<>==<>==<>==<>==<>==
==<>==<>==<>==<>==<>==
==<>==<>==<>==<>==<>==
==<>==<>==<>==<>==<>==
==<>==<>==<>==<>==<>==
==<>==<>==<>==<>==<>==
==<>==<>==<>==<>==<>==
==<>==<>==<>==<>==<>==
==<>==<>==<>==<>==<>==
==<>==<>==<>==<>==<>==
==<>==<>==<>==<>==<>==
==<>==<>==<>==<>==<>==
==<>==<>==<>==<>==<>==
==<>==<>==<>==<>==<>==
==<>==<>==<>==<>==<>==
==<>==<>==<>==<>==<>==
==<>==<>==<>==<>==<>==
==<>==<>==<>==<>==<>==
==<>==<>==<>==<>==<>==
    }
==<>==<>==<>==<>==<>==
==<>==<>==<>==<>==<>==
==<>==<>==<>==<>==<>==
==<>==<>==<>==<>==<>==
==<>==<>==<>==<>==<>==
==<>==<>==<>==<>==<>==
==<>==<>==<>==<>==<>==
==<>==<>==<>==<>==<>==
==<>==<>==<>==<>==<>==
==<>==<>==<>==<>==<>==
==<>==<>==<>==<>==<>==
==<>==<>==<>==<>==<>==
==<>==<>==<>==<>==<>==
==<>==<>==<>==<>==<>==
==<>==<>==<>==<>==<>==
==<>==<>==<>==<>==<>==
==<>==<>==<>==<>==<>==
==<>==<>==<>==<>==<>==
==<>==<>==<>==<>==<>==
==<>==<>==<>==<>==<>==
==<>==<>==<>==<>==<>==
==<>==<>==<>==<>==<>==
    }
==<>==<>==<>==<>==<>==
==<>==<>==<>==<>==<>==
==<>==<>==<>==<>==<>==
==<>==<>==<>==<>==<>==
==<>==<>==<>==<>==<>==
==<>==<>==<>==<>==<>==
==<>==<>==<>==<>==<>==
==<>==<>==<>==<>==<>==
==<>==<>==<>==<>==<>==
==<>==<>==<>==<>==<>==
==<>==<>==<>==<>==<>==
==<>==<>==<>==<>==<>==
==<>==<>==<>==<>==<>==
==<>==<>==<>==<>==<>==
==<>==<>==<>==<>==<>==
==<>==<>==<>==<>==<>==
==<>==<>==<>==<>==<>==
==<>==<>==<>==<>==<>==
==<>==<>==<>==<>==<>==
==<>==<>==<>==<>==<>==
==<>==<>==<>==<>==<>==
==<>==<>==<>==<>==<>==
==<>==<>==<>==<>==<>==
==<>==<>==<>==<>==<>==
==<>==<>==<>==<>==<>==
==<>==<>==<>==<>==<>==
==<>==<>==<>==<>==<>==
==<>==<>==<>==<>==<>==
    }
==<>==<>==<>==<>==<>==
==<>==<>==<>==<>==<>==
==<>==<>==<>==<>==<>==
==<>==<>==<>==<>==<>==
==<>==<>==<>==<>==<>==
==<>==<>==<>==<>==<>==
==<>==<>==<>==<>==<>==
==<>==<>==<>==<>==<>==
==<>==<>==<>==<>==<>==
    }
==<>==<>==<>==<>==<>==
==<>==<>==<>==<>==<>==
==<>==<>==<>==<>==<>==
==<>==<>==<>==<>==<>==
==<>==<>==<>==<>==<>==
==<>==<>==<>==<>==<>==
==<>==<>==<>==<>==<>==
==<>==<>==<>==<>==<>==
==<>==<>==<>==<>==<>==
==<>==<>==<>==<>==<>==
==<>==<>==<>==<>==<>==
==<>==<>==<>==<>==<>==
==<>==<>==<>==<>==<>==
==<>==<>==<>==<>==<>==
==<>==<>==<>==<>==<>==
==<>==<>==<>==<>==<>==
==<>==<>==<>==<>==<>==
==<>==<>==<>==<>==<>==
==<>==<>==<>==<>==<>==
==<>==<>==<>==<>==<>==
    }
==<>==<>==<>==<>==<>==
==<>==<>==<>==<>==<>==
==<>==<>==<>==<>==<>==
==<>==<>==<>==<>==<>==
==<>==<>==<>==<>==<>==
==<>==<>==<>==<>==<>==
==<>==<>==<>==<>==<>==
    }
==<>==<>==<>==<>==<>==
==<>==<>==<>==<>==<>==
==<>==<>==<>==<>==<>==
==<>==<>==<>==<>==<>==
==<>==<>==<>==<>==<>==
==<>==<>==<>==<>==<>==
==<>==<>==<>==<>==<>==
==<>==<>==<>==<>==<>==
    }
==<>==<>==<>==<>==<>==
==<>==<>==<>==<>==<>==
==<>==<>==<>==<>==<>==
==<>==<>==<>==<>==<>==
    }
==<>==<>==<>==<>==<>==
==<>==<>==<>==<>==<>==
==<>==<>==<>==<>==<>==
==<>==<>==<>==<>==<>==
==<>==<>==<>==<>==<>==
==<>==<>==<>==<>==<>==
==<>==<>==<>==<>==<>==
==<>==<>==<>==<>==<>==
==<>==<>==<>==<>==<>==
==<>==<>==<>==<>==<>==
==<>==<>==<>==<>==<>==
==<>==<>==<>==<>==<>==
	}
==<>==<>==<>==<>==<>==
==<>==<>==<>==<>==<>==
==<>==<>==<>==<>==<>==
==<>==<>==<>==<>==<>==
==<>==<>==<>==<>==<>==
==<>==<>==<>==<>==<>==
==<>==<>==<>==<>==<>==
==<>==<>==<>==<>==<>==
==<>==<>==<>==<>==<>==
==<>==<>==<>==<>==<>==
==<>==<>==<>==<>==<>==
==<>==<>==<>==<>==<>==
==<>==<>==<>==<>==<>==
==<>==<>==<>==<>==<>==
==<>==<>==<>==<>==<>==
==<>==<>==<>==<>==<>==
==<>==<>==<>==<>==<>==
==<>==<>==<>==<>==<>==
==<>==<>==<>==<>==<>==
==<>==<>==<>==<>==<>==
==<>==<>==<>==<>==<>==
==<>==<>==<>==<>==<>==
==<>==<>==<>==<>==<>==
==<>==<>==<>==<>==<>==
==<>==<>==<>==<>==<>==
==<>==<>==<>==<>==<>==
==<>==<>==<>==<>==<>==
==<>==<>==<>==<>==<>==
==<>==<>==<>==<>==<>==
==<>==<>==<>==<>==<>==
==<>==<>==<>==<>==<>==
==<>==<>==<>==<>==<>==
	}
}
