null/***************************************************************************************
==<>==<>==<>==<>==<>==
==<>==<>==<>==<>==<>==
==<>==<>==<>==<>==<>==
==<>==<>==<>==<>==<>==
==<>==<>==<>==<>==<>==
==<>==<>==<>==<>==<>==
==<>==<>==<>==<>==<>==
==<>==<>==<>==<>==<>==
==<>==<>==<>==<>==<>==
==<>==<>==<>==<>==<>==
==<>==<>==<>==<>==<>==
==<>==<>==<>==<>==<>==
==<>==<>==<>==<>==<>==
==<>==<>==<>==<>==<>==
==<>==<>==<>==<>==<>==
==<>==<>==<>==<>==<>==
==<>==<>==<>==<>==<>==
==<>==<>==<>==<>==<>==
==<>==<>==<>==<>==<>==
==<>==<>==<>==<>==<>==
==<>==<>==<>==<>==<>==
==<>==<>==<>==<>==<>==
==<>==<>==<>==<>==<>==
==<>==<>==<>==<>==<>==
==<>==<>==<>==<>==<>==
==<>==<>==<>==<>==<>==
==<>==<>==<>==<>==<>==
==<>==<>==<>==<>==<>==
==<>==<>==<>==<>==<>==
==<>==<>==<>==<>==<>==
==<>==<>==<>==<>==<>==
==<>==<>==<>==<>==<>==
==<>==<>==<>==<>==<>==
==<>==<>==<>==<>==<>==
==<>==<>==<>==<>==<>==
==<>==<>==<>==<>==<>==
==<>==<>==<>==<>==<>==
==<>==<>==<>==<>==<>==
==<>==<>==<>==<>==<>==
    }
==<>==<>==<>==<>==<>==
==<>==<>==<>==<>==<>==
==<>==<>==<>==<>==<>==
==<>==<>==<>==<>==<>==
==<>==<>==<>==<>==<>==
==<>==<>==<>==<>==<>==
==<>==<>==<>==<>==<>==
==<>==<>==<>==<>==<>==
==<>==<>==<>==<>==<>==
==<>==<>==<>==<>==<>==
==<>==<>==<>==<>==<>==
==<>==<>==<>==<>==<>==
==<>==<>==<>==<>==<>==
==<>==<>==<>==<>==<>==
==<>==<>==<>==<>==<>==
==<>==<>==<>==<>==<>==
==<>==<>==<>==<>==<>==
==<>==<>==<>==<>==<>==
==<>==<>==<>==<>==<>==
==<>==<>==<>==<>==<>==
==<>==<>==<>==<>==<>==
==<>==<>==<>==<>==<>==
==<>==<>==<>==<>==<>==
==<>==<>==<>==<>==<>==
==<>==<>==<>==<>==<>==
==<>==<>==<>==<>==<>==
==<>==<>==<>==<>==<>==
==<>==<>==<>==<>==<>==
==<>==<>==<>==<>==<>==
==<>==<>==<>==<>==<>==
==<>==<>==<>==<>==<>==
==<>==<>==<>==<>==<>==
==<>==<>==<>==<>==<>==
==<>==<>==<>==<>==<>==
==<>==<>==<>==<>==<>==
==<>==<>==<>==<>==<>==
==<>==<>==<>==<>==<>==
==<>==<>==<>==<>==<>==
    }
==<>==<>==<>==<>==<>==
==<>==<>==<>==<>==<>==
==<>==<>==<>==<>==<>==
==<>==<>==<>==<>==<>==
==<>==<>==<>==<>==<>==
==<>==<>==<>==<>==<>==
==<>==<>==<>==<>==<>==
==<>==<>==<>==<>==<>==
==<>==<>==<>==<>==<>==
==<>==<>==<>==<>==<>==
==<>==<>==<>==<>==<>==
==<>==<>==<>==<>==<>==
==<>==<>==<>==<>==<>==
==<>==<>==<>==<>==<>==
==<>==<>==<>==<>==<>==
==<>==<>==<>==<>==<>==
==<>==<>==<>==<>==<>==
==<>==<>==<>==<>==<>==
==<>==<>==<>==<>==<>==
==<>==<>==<>==<>==<>==
==<>==<>==<>==<>==<>==
==<>==<>==<>==<>==<>==
==<>==<>==<>==<>==<>==
==<>==<>==<>==<>==<>==
==<>==<>==<>==<>==<>==
==<>==<>==<>==<>==<>==
    }
==<>==<>==<>==<>==<>==
==<>==<>==<>==<>==<>==
==<>==<>==<>==<>==<>==
==<>==<>==<>==<>==<>==
==<>==<>==<>==<>==<>==
==<>==<>==<>==<>==<>==
==<>==<>==<>==<>==<>==
==<>==<>==<>==<>==<>==
==<>==<>==<>==<>==<>==
==<>==<>==<>==<>==<>==
==<>==<>==<>==<>==<>==
==<>==<>==<>==<>==<>==
==<>==<>==<>==<>==<>==
==<>==<>==<>==<>==<>==
==<>==<>==<>==<>==<>==
==<>==<>==<>==<>==<>==
==<>==<>==<>==<>==<>==
==<>==<>==<>==<>==<>==
==<>==<>==<>==<>==<>==
==<>==<>==<>==<>==<>==
==<>==<>==<>==<>==<>==
==<>==<>==<>==<>==<>==
==<>==<>==<>==<>==<>==
==<>==<>==<>==<>==<>==
==<>==<>==<>==<>==<>==
==<>==<>==<>==<>==<>==
==<>==<>==<>==<>==<>==
==<>==<>==<>==<>==<>==
==<>==<>==<>==<>==<>==
==<>==<>==<>==<>==<>==
==<>==<>==<>==<>==<>==
==<>==<>==<>==<>==<>==
==<>==<>==<>==<>==<>==
==<>==<>==<>==<>==<>==
==<>==<>==<>==<>==<>==
==<>==<>==<>==<>==<>==
==<>==<>==<>==<>==<>==
==<>==<>==<>==<>==<>==
==<>==<>==<>==<>==<>==
==<>==<>==<>==<>==<>==
==<>==<>==<>==<>==<>==
==<>==<>==<>==<>==<>==
==<>==<>==<>==<>==<>==
==<>==<>==<>==<>==<>==
==<>==<>==<>==<>==<>==
==<>==<>==<>==<>==<>==
==<>==<>==<>==<>==<>==
==<>==<>==<>==<>==<>==
==<>==<>==<>==<>==<>==
==<>==<>==<>==<>==<>==
==<>==<>==<>==<>==<>==
==<>==<>==<>==<>==<>==
==<>==<>==<>==<>==<>==
==<>==<>==<>==<>==<>==
==<>==<>==<>==<>==<>==
==<>==<>==<>==<>==<>==
==<>==<>==<>==<>==<>==
==<>==<>==<>==<>==<>==
==<>==<>==<>==<>==<>==
==<>==<>==<>==<>==<>==
==<>==<>==<>==<>==<>==
==<>==<>==<>==<>==<>==
==<>==<>==<>==<>==<>==
==<>==<>==<>==<>==<>==
==<>==<>==<>==<>==<>==
==<>==<>==<>==<>==<>==
==<>==<>==<>==<>==<>==
==<>==<>==<>==<>==<>==
==<>==<>==<>==<>==<>==
==<>==<>==<>==<>==<>==
==<>==<>==<>==<>==<>==
==<>==<>==<>==<>==<>==
==<>==<>==<>==<>==<>==
==<>==<>==<>==<>==<>==
==<>==<>==<>==<>==<>==
==<>==<>==<>==<>==<>==
==<>==<>==<>==<>==<>==
==<>==<>==<>==<>==<>==
==<>==<>==<>==<>==<>==
==<>==<>==<>==<>==<>==
==<>==<>==<>==<>==<>==
==<>==<>==<>==<>==<>==
==<>==<>==<>==<>==<>==
==<>==<>==<>==<>==<>==
==<>==<>==<>==<>==<>==
==<>==<>==<>==<>==<>==
==<>==<>==<>==<>==<>==
==<>==<>==<>==<>==<>==
==<>==<>==<>==<>==<>==
==<>==<>==<>==<>==<>==
==<>==<>==<>==<>==<>==
==<>==<>==<>==<>==<>==
==<>==<>==<>==<>==<>==
==<>==<>==<>==<>==<>==
==<>==<>==<>==<>==<>==
==<>==<>==<>==<>==<>==
==<>==<>==<>==<>==<>==
==<>==<>==<>==<>==<>==
==<>==<>==<>==<>==<>==
==<>==<>==<>==<>==<>==
==<>==<>==<>==<>==<>==
==<>==<>==<>==<>==<>==
==<>==<>==<>==<>==<>==
==<>==<>==<>==<>==<>==
==<>==<>==<>==<>==<>==
==<>==<>==<>==<>==<>==
==<>==<>==<>==<>==<>==
==<>==<>==<>==<>==<>==
==<>==<>==<>==<>==<>==
==<>==<>==<>==<>==<>==
==<>==<>==<>==<>==<>==
==<>==<>==<>==<>==<>==
==<>==<>==<>==<>==<>==
==<>==<>==<>==<>==<>==
==<>==<>==<>==<>==<>==
==<>==<>==<>==<>==<>==
==<>==<>==<>==<>==<>==
==<>==<>==<>==<>==<>==
==<>==<>==<>==<>==<>==
==<>==<>==<>==<>==<>==
==<>==<>==<>==<>==<>==
    }
==<>==<>==<>==<>==<>==
==<>==<>==<>==<>==<>==
==<>==<>==<>==<>==<>==
==<>==<>==<>==<>==<>==
==<>==<>==<>==<>==<>==
==<>==<>==<>==<>==<>==
==<>==<>==<>==<>==<>==
==<>==<>==<>==<>==<>==
==<>==<>==<>==<>==<>==
==<>==<>==<>==<>==<>==
==<>==<>==<>==<>==<>==
==<>==<>==<>==<>==<>==
==<>==<>==<>==<>==<>==
==<>==<>==<>==<>==<>==
==<>==<>==<>==<>==<>==
==<>==<>==<>==<>==<>==
==<>==<>==<>==<>==<>==
==<>==<>==<>==<>==<>==
==<>==<>==<>==<>==<>==
==<>==<>==<>==<>==<>==
==<>==<>==<>==<>==<>==
==<>==<>==<>==<>==<>==
==<>==<>==<>==<>==<>==
==<>==<>==<>==<>==<>==
==<>==<>==<>==<>==<>==
==<>==<>==<>==<>==<>==
==<>==<>==<>==<>==<>==
==<>==<>==<>==<>==<>==
==<>==<>==<>==<>==<>==
==<>==<>==<>==<>==<>==
        }

    }
==<>==<>==<>==<>==<>==
==<>==<>==<>==<>==<>==
==<>==<>==<>==<>==<>==
==<>==<>==<>==<>==<>==
==<>==<>==<>==<>==<>==
==<>==<>==<>==<>==<>==
==<>==<>==<>==<>==<>==
==<>==<>==<>==<>==<>==
==<>==<>==<>==<>==<>==
==<>==<>==<>==<>==<>==
    }
==<>==<>==<>==<>==<>==
==<>==<>==<>==<>==<>==
==<>==<>==<>==<>==<>==
==<>==<>==<>==<>==<>==
    }
==<>==<>==<>==<>==<>==
==<>==<>==<>==<>==<>==
==<>==<>==<>==<>==<>==
==<>==<>==<>==<>==<>==
==<>==<>==<>==<>==<>==
==<>==<>==<>==<>==<>==
==<>==<>==<>==<>==<>==
==<>==<>==<>==<>==<>==
==<>==<>==<>==<>==<>==
==<>==<>==<>==<>==<>==
==<>==<>==<>==<>==<>==
==<>==<>==<>==<>==<>==
==<>==<>==<>==<>==<>==
==<>==<>==<>==<>==<>==
==<>==<>==<>==<>==<>==
==<>==<>==<>==<>==<>==
==<>==<>==<>==<>==<>==
==<>==<>==<>==<>==<>==
==<>==<>==<>==<>==<>==
==<>==<>==<>==<>==<>==
==<>==<>==<>==<>==<>==
==<>==<>==<>==<>==<>==
==<>==<>==<>==<>==<>==
==<>==<>==<>==<>==<>==
==<>==<>==<>==<>==<>==
==<>==<>==<>==<>==<>==
==<>==<>==<>==<>==<>==
==<>==<>==<>==<>==<>==
==<>==<>==<>==<>==<>==
==<>==<>==<>==<>==<>==
==<>==<>==<>==<>==<>==
==<>==<>==<>==<>==<>==
==<>==<>==<>==<>==<>==
==<>==<>==<>==<>==<>==
==<>==<>==<>==<>==<>==
==<>==<>==<>==<>==<>==
==<>==<>==<>==<>==<>==
==<>==<>==<>==<>==<>==
==<>==<>==<>==<>==<>==
    }
==<>==<>==<>==<>==<>==
==<>==<>==<>==<>==<>==
==<>==<>==<>==<>==<>==
==<>==<>==<>==<>==<>==
==<>==<>==<>==<>==<>==
==<>==<>==<>==<>==<>==
==<>==<>==<>==<>==<>==
==<>==<>==<>==<>==<>==
==<>==<>==<>==<>==<>==
==<>==<>==<>==<>==<>==
==<>==<>==<>==<>==<>==
==<>==<>==<>==<>==<>==
==<>==<>==<>==<>==<>==
==<>==<>==<>==<>==<>==
==<>==<>==<>==<>==<>==
==<>==<>==<>==<>==<>==
==<>==<>==<>==<>==<>==
==<>==<>==<>==<>==<>==
==<>==<>==<>==<>==<>==
==<>==<>==<>==<>==<>==
==<>==<>==<>==<>==<>==
==<>==<>==<>==<>==<>==
==<>==<>==<>==<>==<>==
    }
==<>==<>==<>==<>==<>==
==<>==<>==<>==<>==<>==
==<>==<>==<>==<>==<>==
==<>==<>==<>==<>==<>==
==<>==<>==<>==<>==<>==
==<>==<>==<>==<>==<>==
==<>==<>==<>==<>==<>==
==<>==<>==<>==<>==<>==
==<>==<>==<>==<>==<>==
==<>==<>==<>==<>==<>==
    }
==<>==<>==<>==<>==<>==
==<>==<>==<>==<>==<>==
==<>==<>==<>==<>==<>==
==<>==<>==<>==<>==<>==
    }

    /*
     * Upgrading ************************************************************
     */

    // public void upgrade(String path) {
    // // mPath = path;
    // // _openDB(path);
    // // upgradeSchema();
    // // _openCol();
    // // _upgradeRest();
    // // return mCol;
    // }
==<>==<>==<>==<>==<>==
==<>==<>==<>==<>==<>==
==<>==<>==<>==<>==<>==
==<>==<>==<>==<>==<>==
==<>==<>==<>==<>==<>==
==<>==<>==<>==<>==<>==
==<>==<>==<>==<>==<>==
==<>==<>==<>==<>==<>==
==<>==<>==<>==<>==<>==
==<>==<>==<>==<>==<>==
==<>==<>==<>==<>==<>==
==<>==<>==<>==<>==<>==
==<>==<>==<>==<>==<>==
==<>==<>==<>==<>==<>==
==<>==<>==<>==<>==<>==
==<>==<>==<>==<>==<>==
==<>==<>==<>==<>==<>==
==<>==<>==<>==<>==<>==
==<>==<>==<>==<>==<>==
==<>==<>==<>==<>==<>==
==<>==<>==<>==<>==<>==
==<>==<>==<>==<>==<>==
==<>==<>==<>==<>==<>==
==<>==<>==<>==<>==<>==
==<>==<>==<>==<>==<>==
==<>==<>==<>==<>==<>==
==<>==<>==<>==<>==<>==
==<>==<>==<>==<>==<>==
==<>==<>==<>==<>==<>==
==<>==<>==<>==<>==<>==
==<>==<>==<>==<>==<>==
==<>==<>==<>==<>==<>==
==<>==<>==<>==<>==<>==
==<>==<>==<>==<>==<>==
==<>==<>==<>==<>==<>==
==<>==<>==<>==<>==<>==
==<>==<>==<>==<>==<>==
==<>==<>==<>==<>==<>==
==<>==<>==<>==<>==<>==
==<>==<>==<>==<>==<>==
==<>==<>==<>==<>==<>==
==<>==<>==<>==<>==<>==
==<>==<>==<>==<>==<>==
==<>==<>==<>==<>==<>==
==<>==<>==<>==<>==<>==
==<>==<>==<>==<>==<>==
==<>==<>==<>==<>==<>==
==<>==<>==<>==<>==<>==
==<>==<>==<>==<>==<>==
==<>==<>==<>==<>==<>==
==<>==<>==<>==<>==<>==
==<>==<>==<>==<>==<>==
==<>==<>==<>==<>==<>==
==<>==<>==<>==<>==<>==
==<>==<>==<>==<>==<>==
==<>==<>==<>==<>==<>==
==<>==<>==<>==<>==<>==
==<>==<>==<>==<>==<>==
==<>==<>==<>==<>==<>==
==<>==<>==<>==<>==<>==
==<>==<>==<>==<>==<>==
==<>==<>==<>==<>==<>==
==<>==<>==<>==<>==<>==
==<>==<>==<>==<>==<>==
==<>==<>==<>==<>==<>==
==<>==<>==<>==<>==<>==
==<>==<>==<>==<>==<>==
==<>==<>==<>==<>==<>==
==<>==<>==<>==<>==<>==
==<>==<>==<>==<>==<>==
==<>==<>==<>==<>==<>==
==<>==<>==<>==<>==<>==
==<>==<>==<>==<>==<>==
==<>==<>==<>==<>==<>==
==<>==<>==<>==<>==<>==
==<>==<>==<>==<>==<>==
==<>==<>==<>==<>==<>==
==<>==<>==<>==<>==<>==
==<>==<>==<>==<>==<>==
==<>==<>==<>==<>==<>==
==<>==<>==<>==<>==<>==
==<>==<>==<>==<>==<>==
==<>==<>==<>==<>==<>==
    }

}
