null/****************************************************************************************
 * Copyright (c) 2011 Norbert Nagold <norbert.nagold@gmail.com>                         *
 * Copyright (c) 2012 Kostas Spyropoulos <inigo.aldana@gmail.com>                       *
 *                                                                                      *
 * This program is free software; you can redistribute it and/or modify it under        *
 * the terms of the GNU General private License as published by the Free Software        *
 * Foundation; either version 3 of the License, or (at your option) any later           *
 * version.                                                                             *
 *                                                                                      *
 * This program is distributed in the hope that it will be useful, but WITHOUT ANY      *
 * WARRANTY; without even the implied warranty of MERCHANTABILITY or FITNESS FOR A      *
 * PARTICULAR PURPOSE. See the GNU General private License for more details.             *
 *                                                                                      *
 * You should have received a copy of the GNU General private License along with         *
 * this program.  If not, see <http://www.gnu.org/licenses/>.                           *
 ****************************************************************************************/

package com.ichi2.libanki;

import android.content.ContentValues;
import android.content.res.Resources;
import android.database.Cursor;
import android.database.sqlite.SQLiteDatabase;
import android.text.TextUtils;
import android.util.Pair;

import com.ichi2.anki.AnkiDatabaseManager;
import com.ichi2.anki.AnkiDb;
import com.ichi2.anki.AnkiDroidApp;
import com.ichi2.anki.R;
import com.ichi2.anki.UIUtils;
import com.ichi2.anki.exception.ConfirmModSchemaException;
import com.ichi2.libanki.hooks.Hooks;
import com.ichi2.libanki.template.Template;
import com.ichi2.utils.VersionUtils;

import org.json.JSONArray;
import org.json.JSONException;
import org.json.JSONObject;

import java.io.BufferedWriter;
import java.io.File;
import java.io.FileWriter;
import java.io.IOException;
import java.io.PrintWriter;
import java.util.ArrayList;
import java.util.Arrays;
import java.util.HashMap;
import java.util.LinkedList;
import java.util.List;
import java.util.Locale;
import java.util.Map;
import java.util.Random;
import java.util.regex.Pattern;

import timber.log.Timber;

// Anki maintains a cache of used tags so it can quickly present a list of tags
// for autocomplete and in the browser. For efficiency, deletions are not
// tracked, so unused tags can only be removed from the list with a DB check.
//
// This module manages the tag cache and tags for notes.

public class Collection {

    private AnkiDb mDb;
    private boolean mServer;
    // 上一次保存时间
    private double mLastSave;
    private Media mMedia;
    private Decks mDecks;
    private Models mModels;
    private Tags mTags;

    private Sched mSched;

    private double mStartTime;
    private int mStartReps;

    // BEGIN: SQL table columns
    private long mCrt;
    private long mMod;
    private long mScm;
    // dirty whether full sync was require?
    private boolean mDty;
    private int mUsn;
    // Todo_john ls last sync 最后一次同步
    private long mLs;
    private JSONObject mConf;
    // END: SQL table columns

    private LinkedList<Object[]> mUndo;

    private String mPath;
    private boolean mDebugLog;
    private PrintWriter mLogHnd;

    private static final Pattern fClozePatternQ = Pattern.compile("\\{\\{(?!type:)(.*?)cloze:");
    private static final Pattern fClozePatternA = Pattern.compile("\\{\\{(.*?)cloze:");
    private static final Pattern fClozeTagStart = Pattern.compile("<%cloze:");

    // other options 配置信息，它对应着col表中的conf字段；
    public static final String defaultConf = "{"
            +
            // review options
            "'activeDecks': [1], " + "'curDeck': 1, " + "'newSpread': " + Consts.NEW_CARDS_DISTRIBUTE + ", "
            + "'collapseTime': 1200, " + "'timeLim': 0, " + "'estTimes': True, " + "'dueCounts': True, "
            +
            // other config
            "'curModel': null, " + "'nextPos': 1, " + "'sortType': \"noteFld\", "
            + "'sortBackwards': False, 'addToCur': True }"; // add new to currently selected deck?

    public static final int UNDO_REVIEW = 0;
    public static final int UNDO_BURY_NOTE = 2;
    public static final int UNDO_SUSPEND_CARD = 3;
    public static final int UNDO_SUSPEND_NOTE = 4;
    public static final int UNDO_DELETE_NOTE = 5;
    public static final int UNDO_BURY_CARD = 7;

    private static final int[] fUndoNames = new int[]{
        R.string.undo_action_review,
        R.string.undo_action_edit,
        R.string.undo_action_bury,
        R.string.undo_action_suspend_card,
        R.string.undo_action_suspend_note,
        R.string.undo_action_delete,
        R.string.undo_action_mark};
==<>==<>==<>==<>==<>==
==<>==<>==<>==<>==<>==
==<>==<>==<>==<>==<>==
==<>==<>==<>==<>==<>==
==<>==<>==<>==<>==<>==
    }
==<>==<>==<>==<>==<>==
==<>==<>==<>==<>==<>==
==<>==<>==<>==<>==<>==
    }
==<>==<>==<>==<>==<>==
==<>==<>==<>==<>==<>==
==<>==<>==<>==<>==<>==
==<>==<>==<>==<>==<>==
==<>==<>==<>==<>==<>==
==<>==<>==<>==<>==<>==
==<>==<>==<>==<>==<>==
==<>==<>==<>==<>==<>==
==<>==<>==<>==<>==<>==
==<>==<>==<>==<>==<>==
==<>==<>==<>==<>==<>==
==<>==<>==<>==<>==<>==
==<>==<>==<>==<>==<>==
==<>==<>==<>==<>==<>==
==<>==<>==<>==<>==<>==
==<>==<>==<>==<>==<>==
==<>==<>==<>==<>==<>==
==<>==<>==<>==<>==<>==
==<>==<>==<>==<>==<>==
==<>==<>==<>==<>==<>==
==<>==<>==<>==<>==<>==
==<>==<>==<>==<>==<>==
==<>==<>==<>==<>==<>==
==<>==<>==<>==<>==<>==
==<>==<>==<>==<>==<>==
==<>==<>==<>==<>==<>==
    }
==<>==<>==<>==<>==<>==
==<>==<>==<>==<>==<>==
==<>==<>==<>==<>==<>==
==<>==<>==<>==<>==<>==
==<>==<>==<>==<>==<>==
==<>==<>==<>==<>==<>==
    }
==<>==<>==<>==<>==<>==
==<>==<>==<>==<>==<>==
==<>==<>==<>==<>==<>==
==<>==<>==<>==<>==<>==
==<>==<>==<>==<>==<>==
==<>==<>==<>==<>==<>==
==<>==<>==<>==<>==<>==
==<>==<>==<>==<>==<>==
==<>==<>==<>==<>==<>==
==<>==<>==<>==<>==<>==
==<>==<>==<>==<>==<>==
==<>==<>==<>==<>==<>==
==<>==<>==<>==<>==<>==
==<>==<>==<>==<>==<>==
==<>==<>==<>==<>==<>==
==<>==<>==<>==<>==<>==
==<>==<>==<>==<>==<>==
==<>==<>==<>==<>==<>==
==<>==<>==<>==<>==<>==
==<>==<>==<>==<>==<>==
==<>==<>==<>==<>==<>==
==<>==<>==<>==<>==<>==
==<>==<>==<>==<>==<>==
==<>==<>==<>==<>==<>==
==<>==<>==<>==<>==<>==
==<>==<>==<>==<>==<>==
==<>==<>==<>==<>==<>==
==<>==<>==<>==<>==<>==
==<>==<>==<>==<>==<>==
==<>==<>==<>==<>==<>==
==<>==<>==<>==<>==<>==
==<>==<>==<>==<>==<>==
==<>==<>==<>==<>==<>==
==<>==<>==<>==<>==<>==
==<>==<>==<>==<>==<>==
    }
==<>==<>==<>==<>==<>==
==<>==<>==<>==<>==<>==
==<>==<>==<>==<>==<>==
==<>==<>==<>==<>==<>==
==<>==<>==<>==<>==<>==
==<>==<>==<>==<>==<>==
==<>==<>==<>==<>==<>==
==<>==<>==<>==<>==<>==
    }
==<>==<>==<>==<>==<>==
==<>==<>==<>==<>==<>==
==<>==<>==<>==<>==<>==
==<>==<>==<>==<>==<>==
    }
==<>==<>==<>==<>==<>==
==<>==<>==<>==<>==<>==
==<>==<>==<>==<>==<>==
==<>==<>==<>==<>==<>==
==<>==<>==<>==<>==<>==
==<>==<>==<>==<>==<>==
==<>==<>==<>==<>==<>==
==<>==<>==<>==<>==<>==
==<>==<>==<>==<>==<>==
==<>==<>==<>==<>==<>==
==<>==<>==<>==<>==<>==
==<>==<>==<>==<>==<>==
==<>==<>==<>==<>==<>==
==<>==<>==<>==<>==<>==
==<>==<>==<>==<>==<>==
==<>==<>==<>==<>==<>==
==<>==<>==<>==<>==<>==
    }
==<>==<>==<>==<>==<>==
==<>==<>==<>==<>==<>==
==<>==<>==<>==<>==<>==
==<>==<>==<>==<>==<>==
==<>==<>==<>==<>==<>==
==<>==<>==<>==<>==<>==
==<>==<>==<>==<>==<>==
    }
==<>==<>==<>==<>==<>==
==<>==<>==<>==<>==<>==
==<>==<>==<>==<>==<>==
==<>==<>==<>==<>==<>==
    }
==<>==<>==<>==<>==<>==
==<>==<>==<>==<>==<>==
==<>==<>==<>==<>==<>==
==<>==<>==<>==<>==<>==
==<>==<>==<>==<>==<>==
==<>==<>==<>==<>==<>==
==<>==<>==<>==<>==<>==
==<>==<>==<>==<>==<>==
==<>==<>==<>==<>==<>==
==<>==<>==<>==<>==<>==
==<>==<>==<>==<>==<>==
==<>==<>==<>==<>==<>==
==<>==<>==<>==<>==<>==
==<>==<>==<>==<>==<>==
==<>==<>==<>==<>==<>==
==<>==<>==<>==<>==<>==
==<>==<>==<>==<>==<>==
==<>==<>==<>==<>==<>==
==<>==<>==<>==<>==<>==
==<>==<>==<>==<>==<>==
==<>==<>==<>==<>==<>==
==<>==<>==<>==<>==<>==
==<>==<>==<>==<>==<>==
    }
==<>==<>==<>==<>==<>==
==<>==<>==<>==<>==<>==
==<>==<>==<>==<>==<>==
==<>==<>==<>==<>==<>==
==<>==<>==<>==<>==<>==
==<>==<>==<>==<>==<>==
==<>==<>==<>==<>==<>==
==<>==<>==<>==<>==<>==
==<>==<>==<>==<>==<>==
    }
==<>==<>==<>==<>==<>==
==<>==<>==<>==<>==<>==
==<>==<>==<>==<>==<>==
==<>==<>==<>==<>==<>==
==<>==<>==<>==<>==<>==
==<>==<>==<>==<>==<>==
==<>==<>==<>==<>==<>==
==<>==<>==<>==<>==<>==
==<>==<>==<>==<>==<>==
==<>==<>==<>==<>==<>==
==<>==<>==<>==<>==<>==
==<>==<>==<>==<>==<>==
    }
==<>==<>==<>==<>==<>==
==<>==<>==<>==<>==<>==
==<>==<>==<>==<>==<>==
==<>==<>==<>==<>==<>==
==<>==<>==<>==<>==<>==
==<>==<>==<>==<>==<>==
==<>==<>==<>==<>==<>==
    }
==<>==<>==<>==<>==<>==
==<>==<>==<>==<>==<>==
==<>==<>==<>==<>==<>==
==<>==<>==<>==<>==<>==
==<>==<>==<>==<>==<>==
==<>==<>==<>==<>==<>==
==<>==<>==<>==<>==<>==
==<>==<>==<>==<>==<>==
==<>==<>==<>==<>==<>==
==<>==<>==<>==<>==<>==
==<>==<>==<>==<>==<>==
==<>==<>==<>==<>==<>==
==<>==<>==<>==<>==<>==
==<>==<>==<>==<>==<>==
==<>==<>==<>==<>==<>==
==<>==<>==<>==<>==<>==
==<>==<>==<>==<>==<>==
==<>==<>==<>==<>==<>==
==<>==<>==<>==<>==<>==
==<>==<>==<>==<>==<>==
==<>==<>==<>==<>==<>==
==<>==<>==<>==<>==<>==
==<>==<>==<>==<>==<>==
==<>==<>==<>==<>==<>==
==<>==<>==<>==<>==<>==
==<>==<>==<>==<>==<>==
==<>==<>==<>==<>==<>==
==<>==<>==<>==<>==<>==
==<>==<>==<>==<>==<>==
==<>==<>==<>==<>==<>==
==<>==<>==<>==<>==<>==
==<>==<>==<>==<>==<>==
==<>==<>==<>==<>==<>==
==<>==<>==<>==<>==<>==
==<>==<>==<>==<>==<>==
==<>==<>==<>==<>==<>==
==<>==<>==<>==<>==<>==
==<>==<>==<>==<>==<>==
==<>==<>==<>==<>==<>==
==<>==<>==<>==<>==<>==
==<>==<>==<>==<>==<>==
    }
==<>==<>==<>==<>==<>==
==<>==<>==<>==<>==<>==
==<>==<>==<>==<>==<>==
==<>==<>==<>==<>==<>==
==<>==<>==<>==<>==<>==
==<>==<>==<>==<>==<>==
==<>==<>==<>==<>==<>==
==<>==<>==<>==<>==<>==
    }
==<>==<>==<>==<>==<>==
==<>==<>==<>==<>==<>==
==<>==<>==<>==<>==<>==
==<>==<>==<>==<>==<>==
==<>==<>==<>==<>==<>==
==<>==<>==<>==<>==<>==
==<>==<>==<>==<>==<>==
==<>==<>==<>==<>==<>==
==<>==<>==<>==<>==<>==
==<>==<>==<>==<>==<>==
==<>==<>==<>==<>==<>==
==<>==<>==<>==<>==<>==
==<>==<>==<>==<>==<>==
==<>==<>==<>==<>==<>==
    }
==<>==<>==<>==<>==<>==
==<>==<>==<>==<>==<>==
==<>==<>==<>==<>==<>==
==<>==<>==<>==<>==<>==
==<>==<>==<>==<>==<>==
==<>==<>==<>==<>==<>==
==<>==<>==<>==<>==<>==
==<>==<>==<>==<>==<>==
==<>==<>==<>==<>==<>==
==<>==<>==<>==<>==<>==
    }
==<>==<>==<>==<>==<>==
==<>==<>==<>==<>==<>==
==<>==<>==<>==<>==<>==
==<>==<>==<>==<>==<>==
==<>==<>==<>==<>==<>==
==<>==<>==<>==<>==<>==
==<>==<>==<>==<>==<>==
==<>==<>==<>==<>==<>==
==<>==<>==<>==<>==<>==
==<>==<>==<>==<>==<>==
==<>==<>==<>==<>==<>==
==<>==<>==<>==<>==<>==
==<>==<>==<>==<>==<>==
==<>==<>==<>==<>==<>==
==<>==<>==<>==<>==<>==
==<>==<>==<>==<>==<>==
==<>==<>==<>==<>==<>==
==<>==<>==<>==<>==<>==
==<>==<>==<>==<>==<>==
==<>==<>==<>==<>==<>==
==<>==<>==<>==<>==<>==
==<>==<>==<>==<>==<>==
    }
==<>==<>==<>==<>==<>==
==<>==<>==<>==<>==<>==
==<>==<>==<>==<>==<>==
==<>==<>==<>==<>==<>==
==<>==<>==<>==<>==<>==
==<>==<>==<>==<>==<>==
==<>==<>==<>==<>==<>==
    }
==<>==<>==<>==<>==<>==
==<>==<>==<>==<>==<>==
==<>==<>==<>==<>==<>==
==<>==<>==<>==<>==<>==
==<>==<>==<>==<>==<>==
==<>==<>==<>==<>==<>==
==<>==<>==<>==<>==<>==
==<>==<>==<>==<>==<>==
    }
==<>==<>==<>==<>==<>==
==<>==<>==<>==<>==<>==
==<>==<>==<>==<>==<>==
==<>==<>==<>==<>==<>==
==<>==<>==<>==<>==<>==
==<>==<>==<>==<>==<>==
==<>==<>==<>==<>==<>==
==<>==<>==<>==<>==<>==
==<>==<>==<>==<>==<>==
==<>==<>==<>==<>==<>==
==<>==<>==<>==<>==<>==
==<>==<>==<>==<>==<>==
==<>==<>==<>==<>==<>==
==<>==<>==<>==<>==<>==
==<>==<>==<>==<>==<>==
==<>==<>==<>==<>==<>==
==<>==<>==<>==<>==<>==
==<>==<>==<>==<>==<>==
==<>==<>==<>==<>==<>==
==<>==<>==<>==<>==<>==
==<>==<>==<>==<>==<>==
==<>==<>==<>==<>==<>==
==<>==<>==<>==<>==<>==
==<>==<>==<>==<>==<>==
    }
==<>==<>==<>==<>==<>==
==<>==<>==<>==<>==<>==
==<>==<>==<>==<>==<>==
==<>==<>==<>==<>==<>==
==<>==<>==<>==<>==<>==
==<>==<>==<>==<>==<>==
==<>==<>==<>==<>==<>==
==<>==<>==<>==<>==<>==
==<>==<>==<>==<>==<>==
==<>==<>==<>==<>==<>==
    }
==<>==<>==<>==<>==<>==
==<>==<>==<>==<>==<>==
==<>==<>==<>==<>==<>==
==<>==<>==<>==<>==<>==
    }


    /**
     * Utils ******************************************************************** ***************************
     * 获取conf里面nextXxx的属性值，比如nextPos的属性值，然后对此属性值累加1；
     * 在这里用到这个方法： data.add(new Object[] { ts, nid, did, tord, now, usn, nextID("pos") });
==<>==<>==<>==<>==<>==
==<>==<>==<>==<>==<>==
==<>==<>==<>==<>==<>==
==<>==<>==<>==<>==<>==
==<>==<>==<>==<>==<>==
==<>==<>==<>==<>==<>==
==<>==<>==<>==<>==<>==
==<>==<>==<>==<>==<>==
==<>==<>==<>==<>==<>==
==<>==<>==<>==<>==<>==
==<>==<>==<>==<>==<>==
==<>==<>==<>==<>==<>==
==<>==<>==<>==<>==<>==
==<>==<>==<>==<>==<>==
==<>==<>==<>==<>==<>==
==<>==<>==<>==<>==<>==
==<>==<>==<>==<>==<>==
==<>==<>==<>==<>==<>==
==<>==<>==<>==<>==<>==
==<>==<>==<>==<>==<>==
    }
==<>==<>==<>==<>==<>==
==<>==<>==<>==<>==<>==
==<>==<>==<>==<>==<>==
==<>==<>==<>==<>==<>==
==<>==<>==<>==<>==<>==
==<>==<>==<>==<>==<>==
==<>==<>==<>==<>==<>==
==<>==<>==<>==<>==<>==
    }
==<>==<>==<>==<>==<>==
==<>==<>==<>==<>==<>==
==<>==<>==<>==<>==<>==
==<>==<>==<>==<>==<>==
==<>==<>==<>==<>==<>==
==<>==<>==<>==<>==<>==
==<>==<>==<>==<>==<>==
==<>==<>==<>==<>==<>==
==<>==<>==<>==<>==<>==
==<>==<>==<>==<>==<>==
==<>==<>==<>==<>==<>==
==<>==<>==<>==<>==<>==
==<>==<>==<>==<>==<>==
==<>==<>==<>==<>==<>==
==<>==<>==<>==<>==<>==
    }
==<>==<>==<>==<>==<>==
==<>==<>==<>==<>==<>==
==<>==<>==<>==<>==<>==
==<>==<>==<>==<>==<>==
==<>==<>==<>==<>==<>==
==<>==<>==<>==<>==<>==
==<>==<>==<>==<>==<>==
==<>==<>==<>==<>==<>==
    }
==<>==<>==<>==<>==<>==
==<>==<>==<>==<>==<>==
==<>==<>==<>==<>==<>==
==<>==<>==<>==<>==<>==
==<>==<>==<>==<>==<>==
==<>==<>==<>==<>==<>==
==<>==<>==<>==<>==<>==
==<>==<>==<>==<>==<>==
    }
==<>==<>==<>==<>==<>==
==<>==<>==<>==<>==<>==
==<>==<>==<>==<>==<>==
==<>==<>==<>==<>==<>==
==<>==<>==<>==<>==<>==
==<>==<>==<>==<>==<>==
==<>==<>==<>==<>==<>==
==<>==<>==<>==<>==<>==
==<>==<>==<>==<>==<>==
    }
==<>==<>==<>==<>==<>==
==<>==<>==<>==<>==<>==
==<>==<>==<>==<>==<>==
==<>==<>==<>==<>==<>==
==<>==<>==<>==<>==<>==
==<>==<>==<>==<>==<>==
==<>==<>==<>==<>==<>==
==<>==<>==<>==<>==<>==
    }
==<>==<>==<>==<>==<>==
==<>==<>==<>==<>==<>==
==<>==<>==<>==<>==<>==
==<>==<>==<>==<>==<>==
==<>==<>==<>==<>==<>==
==<>==<>==<>==<>==<>==
==<>==<>==<>==<>==<>==
==<>==<>==<>==<>==<>==
==<>==<>==<>==<>==<>==
==<>==<>==<>==<>==<>==
==<>==<>==<>==<>==<>==
==<>==<>==<>==<>==<>==
==<>==<>==<>==<>==<>==
==<>==<>==<>==<>==<>==
==<>==<>==<>==<>==<>==
==<>==<>==<>==<>==<>==
==<>==<>==<>==<>==<>==
==<>==<>==<>==<>==<>==
==<>==<>==<>==<>==<>==
==<>==<>==<>==<>==<>==
==<>==<>==<>==<>==<>==
==<>==<>==<>==<>==<>==
==<>==<>==<>==<>==<>==
    }
==<>==<>==<>==<>==<>==
==<>==<>==<>==<>==<>==
==<>==<>==<>==<>==<>==
==<>==<>==<>==<>==<>==
==<>==<>==<>==<>==<>==
==<>==<>==<>==<>==<>==
==<>==<>==<>==<>==<>==
==<>==<>==<>==<>==<>==
==<>==<>==<>==<>==<>==
==<>==<>==<>==<>==<>==
==<>==<>==<>==<>==<>==
    }
==<>==<>==<>==<>==<>==
==<>==<>==<>==<>==<>==
==<>==<>==<>==<>==<>==
==<>==<>==<>==<>==<>==
==<>==<>==<>==<>==<>==
==<>==<>==<>==<>==<>==
==<>==<>==<>==<>==<>==
==<>==<>==<>==<>==<>==
==<>==<>==<>==<>==<>==
==<>==<>==<>==<>==<>==
==<>==<>==<>==<>==<>==
==<>==<>==<>==<>==<>==
==<>==<>==<>==<>==<>==
==<>==<>==<>==<>==<>==
    }
==<>==<>==<>==<>==<>==
==<>==<>==<>==<>==<>==
==<>==<>==<>==<>==<>==
==<>==<>==<>==<>==<>==
==<>==<>==<>==<>==<>==
==<>==<>==<>==<>==<>==
==<>==<>==<>==<>==<>==
==<>==<>==<>==<>==<>==
==<>==<>==<>==<>==<>==
==<>==<>==<>==<>==<>==
==<>==<>==<>==<>==<>==
==<>==<>==<>==<>==<>==
==<>==<>==<>==<>==<>==
    }
==<>==<>==<>==<>==<>==
==<>==<>==<>==<>==<>==
==<>==<>==<>==<>==<>==
==<>==<>==<>==<>==<>==
==<>==<>==<>==<>==<>==
==<>==<>==<>==<>==<>==
==<>==<>==<>==<>==<>==
==<>==<>==<>==<>==<>==
==<>==<>==<>==<>==<>==
==<>==<>==<>==<>==<>==
==<>==<>==<>==<>==<>==
==<>==<>==<>==<>==<>==
==<>==<>==<>==<>==<>==
==<>==<>==<>==<>==<>==
==<>==<>==<>==<>==<>==
==<>==<>==<>==<>==<>==
==<>==<>==<>==<>==<>==
==<>==<>==<>==<>==<>==
==<>==<>==<>==<>==<>==
==<>==<>==<>==<>==<>==
==<>==<>==<>==<>==<>==
==<>==<>==<>==<>==<>==
==<>==<>==<>==<>==<>==
==<>==<>==<>==<>==<>==
==<>==<>==<>==<>==<>==
==<>==<>==<>==<>==<>==
    }
==<>==<>==<>==<>==<>==
==<>==<>==<>==<>==<>==
==<>==<>==<>==<>==<>==
==<>==<>==<>==<>==<>==
==<>==<>==<>==<>==<>==
==<>==<>==<>==<>==<>==
==<>==<>==<>==<>==<>==
==<>==<>==<>==<>==<>==
	}
    // 将传入的笔记id数组，逐个产生所对应的卡片
    public ArrayList<Long> genCards(long[] nids) {
        // build map of (nid,ord) so we don't create dupes，创建一个字典，放置笔记id,和卡片模板序号，避免重复生成；
        // 将笔记的id连成一个字符串；snids
        String snids = Utils.ids2str(nids);
        // have中将保存<nid <ord cid>>
        HashMap<Long, HashMap<Integer, Long>> have = new HashMap<Long, HashMap<Integer, Long>>();
        // dids将保存<nid, did>
        HashMap<Long, Long> dids = new HashMap<Long, Long>();
        Cursor cur = null;
        try {
            // 从卡片表中取出形参给的笔记的Id的所有对应卡片，并取出卡片id，笔记id，牌组id，卡片模板序列号这些字段；
            cur = mDb.getDatabase().rawQuery("SELECT id, nid, ord, did FROM cards WHERE nid IN " + snids, null);
            while (cur.moveToNext()) {
                // existing cards
                long nid = cur.getLong(1);
                if (!have.containsKey(nid)) {
                    have.put(nid, new HashMap<Integer, Long>());
                }
                // have中将保存<nid <ord cid>>
                have.get(nid).put(cur.getInt(2), cur.getLong(0));
                // and their dids
                long did = cur.getLong(3);
                if (dids.containsKey(nid)) {
                    if (dids.get(nid) != 0 && dids.get(nid) != did) {
                        // cards are in two or more different decks; revert to model default
                        // 一个笔记生成的多张卡片分布在多个不同的牌组中，这时恢复默认模型；即，将当前笔记对应的
                        // 牌组的id，设置为0；
                        dids.put(nid, 0l);
                    }
                } else {
                    // first card or multiple cards in same deck
                    // 当dids中不包含nid这样的key ,就把<nid, did>放入到dids中；
                    dids.put(nid, did);
                }
            }
            // 结果得到一个did的map集合，这个集合中，nid与did一一对应，每个note,属于一个deck;
            // 也就是说一个笔记不能被多个deck所有，一个deck也不能有重复的note
        } finally {
            if (cur != null && !cur.isClosed()) {
                cur.close();
            }
        }
        // build cards for each note
        ArrayList<Object[]> data = new ArrayList<Object[]>();
        // 获得一个安全的，不会被重复的id，ts
        long ts = Utils.maxID(mDb);
        long now = Utils.intNow();
        ArrayList<Long> rem = new ArrayList<Long>();
        // usn 唯一序列号，unique serial number;
        int usn = usn();
        cur = null;
        try {
            cur = mDb.getDatabase().rawQuery("SELECT id, mid, flds FROM notes WHERE id IN " + snids, null);
            while (cur.moveToNext()) {
                JSONObject model = mModels.get(cur.getLong(1));
                /** 给一个笔记类型，和字段值，字段值被连接成字符串，返回一个可用的卡片模型索引号集合； */
                ArrayList<Integer> avail = mModels.availOrds(model, cur.getString(2));
                long nid = cur.getLong(0);
                // 找到当前笔记所在的牌组的id，即Deck的id
                long did = dids.get(nid);
                if (did == 0) {
                    //如果没有找到当前笔记所在的牌组，则把笔记放入到笔记所在的笔记类型的did属性所指示的牌组中，
                    did = model.getLong("did");
                }
                // add any missing cards 添加错过的卡片；
                for (JSONObject t : _tmplsFromOrds(model, avail)) {
                    int tord = t.getInt("ord");
                    // have中将保存<nid <ord cid>>
                    // dohave反应了，nid的第tord个卡片模板对应的卡片是否被生成；
                    boolean doHave = have.containsKey(nid) && have.get(nid).containsKey(tord);
                    if (!doHave) {
                        // 如果nid的第tord个卡片模板对应的卡片没有生成；则。。。
                        long ndid;
                        try {
                            // ndid对应着卡片模板着的那个did的属性值；
                            // ndid也可理解为此卡片模板对应的那个牌组的id；
                            ndid = t.getLong("did");
                            if (ndid != 0) {
                                // 如果卡片模板包含有牌组id，则此笔记所在的牌组id也变成这个牌组id;
                                did = ndid;
                            }
                        } catch (JSONException e) {
                            // do nothing
                        }
                        if (getDecks().isDyn(did)) {
                            // 判断当前笔记的牌组，是不是动态牌组，如果是，则这条笔记所在的牌组的id设置为1；
                            did = 1;
                        }
                        // if the deck doesn't exist, use default instead
                        // Todo_john 为什么要写这么一句，不是多此一举吗？did = mDecks.get(did).getLong("id");
                        // 或者是用来判断这个did是合法的did？
                        did = mDecks.get(did).getLong("id");
                        /**
                         * we'd like to use the same due# as sibling cards, but we can't retrieve that quickly, so we
                         * give it a new id instead
                         * 我们不想让这个卡片和它的兄弟卡片有同样的过期时间，我们又不能很快地回复，于是我们给它一个新的id去代替；
                         * 这里的data  ArrayList<Object[]> data = new ArrayList<Object[]>(); 它是一个集合，它保存着当前笔记生成的所有新卡片的信息；
                         * nextID("pos")这个值是 取出col表中conf字段的nextPos属性值累加1的结果；
                         */
                        data.add(new Object[] { ts, nid, did, tord, now, usn, nextID("pos") });
                        ts += 1;
                    }
                }
                // note any cards that need removing
                // have中将保存<nid <ord cid>>
                if (have.containsKey(nid)) {
                    for (Map.Entry<Integer, Long> n : have.get(nid).entrySet()) {
                        if (!avail.contains(n.getKey())) {
                            // 如果可用的卡片模板中，不包含这个卡片模板的索引号，则，此卡片模板对应的那个卡片应该被删除；
                            // 则放入rem集合中，rem即，remove;
                            rem.add(n.getValue());
                        }
                    }
                }
            }
        } catch (JSONException e) {
            throw new RuntimeException(e);
        } finally {
            if (cur != null && !cur.isClosed()) {
                cur.close();
            }
        }
        // bulk update
        mDb.executeMany("INSERT INTO cards VALUES (?,?,?,?,?,?,0,0,?,0,0,0,0,0,0,0,0,\"\")", data);
        return rem;
    }
==<>==<>==<>==<>==<>==
==<>==<>==<>==<>==<>==
==<>==<>==<>==<>==<>==
==<>==<>==<>==<>==<>==
==<>==<>==<>==<>==<>==
==<>==<>==<>==<>==<>==
==<>==<>==<>==<>==<>==
==<>==<>==<>==<>==<>==
==<>==<>==<>==<>==<>==
==<>==<>==<>==<>==<>==
==<>==<>==<>==<>==<>==
==<>==<>==<>==<>==<>==
==<>==<>==<>==<>==<>==
==<>==<>==<>==<>==<>==
==<>==<>==<>==<>==<>==
==<>==<>==<>==<>==<>==
==<>==<>==<>==<>==<>==
==<>==<>==<>==<>==<>==
==<>==<>==<>==<>==<>==
==<>==<>==<>==<>==<>==
==<>==<>==<>==<>==<>==
==<>==<>==<>==<>==<>==
==<>==<>==<>==<>==<>==
==<>==<>==<>==<>==<>==
==<>==<>==<>==<>==<>==
==<>==<>==<>==<>==<>==
==<>==<>==<>==<>==<>==
==<>==<>==<>==<>==<>==
==<>==<>==<>==<>==<>==
==<>==<>==<>==<>==<>==
==<>==<>==<>==<>==<>==
==<>==<>==<>==<>==<>==
==<>==<>==<>==<>==<>==
==<>==<>==<>==<>==<>==
==<>==<>==<>==<>==<>==
==<>==<>==<>==<>==<>==
==<>==<>==<>==<>==<>==
==<>==<>==<>==<>==<>==
==<>==<>==<>==<>==<>==
	}
==<>==<>==<>==<>==<>==
==<>==<>==<>==<>==<>==
    }
==<>==<>==<>==<>==<>==
==<>==<>==<>==<>==<>==
==<>==<>==<>==<>==<>==
==<>==<>==<>==<>==<>==
==<>==<>==<>==<>==<>==
==<>==<>==<>==<>==<>==
==<>==<>==<>==<>==<>==
==<>==<>==<>==<>==<>==
==<>==<>==<>==<>==<>==
==<>==<>==<>==<>==<>==
==<>==<>==<>==<>==<>==
    }
==<>==<>==<>==<>==<>==
==<>==<>==<>==<>==<>==
==<>==<>==<>==<>==<>==
==<>==<>==<>==<>==<>==
==<>==<>==<>==<>==<>==
==<>==<>==<>==<>==<>==
==<>==<>==<>==<>==<>==
==<>==<>==<>==<>==<>==
==<>==<>==<>==<>==<>==
==<>==<>==<>==<>==<>==
==<>==<>==<>==<>==<>==
==<>==<>==<>==<>==<>==
==<>==<>==<>==<>==<>==
==<>==<>==<>==<>==<>==
==<>==<>==<>==<>==<>==
==<>==<>==<>==<>==<>==
==<>==<>==<>==<>==<>==
==<>==<>==<>==<>==<>==
==<>==<>==<>==<>==<>==
==<>==<>==<>==<>==<>==
==<>==<>==<>==<>==<>==
==<>==<>==<>==<>==<>==
==<>==<>==<>==<>==<>==
==<>==<>==<>==<>==<>==
==<>==<>==<>==<>==<>==
==<>==<>==<>==<>==<>==
==<>==<>==<>==<>==<>==
==<>==<>==<>==<>==<>==
==<>==<>==<>==<>==<>==
==<>==<>==<>==<>==<>==
==<>==<>==<>==<>==<>==
==<>==<>==<>==<>==<>==
==<>==<>==<>==<>==<>==
==<>==<>==<>==<>==<>==
==<>==<>==<>==<>==<>==
==<>==<>==<>==<>==<>==
==<>==<>==<>==<>==<>==
==<>==<>==<>==<>==<>==
==<>==<>==<>==<>==<>==
==<>==<>==<>==<>==<>==
    }
==<>==<>==<>==<>==<>==
==<>==<>==<>==<>==<>==
==<>==<>==<>==<>==<>==
==<>==<>==<>==<>==<>==
==<>==<>==<>==<>==<>==
==<>==<>==<>==<>==<>==
==<>==<>==<>==<>==<>==
==<>==<>==<>==<>==<>==
==<>==<>==<>==<>==<>==
==<>==<>==<>==<>==<>==
==<>==<>==<>==<>==<>==
==<>==<>==<>==<>==<>==
==<>==<>==<>==<>==<>==
==<>==<>==<>==<>==<>==
==<>==<>==<>==<>==<>==
==<>==<>==<>==<>==<>==
==<>==<>==<>==<>==<>==
==<>==<>==<>==<>==<>==
==<>==<>==<>==<>==<>==
==<>==<>==<>==<>==<>==
==<>==<>==<>==<>==<>==
==<>==<>==<>==<>==<>==
    }
==<>==<>==<>==<>==<>==
==<>==<>==<>==<>==<>==
==<>==<>==<>==<>==<>==
==<>==<>==<>==<>==<>==
==<>==<>==<>==<>==<>==
==<>==<>==<>==<>==<>==
==<>==<>==<>==<>==<>==
==<>==<>==<>==<>==<>==
==<>==<>==<>==<>==<>==
    }
==<>==<>==<>==<>==<>==
==<>==<>==<>==<>==<>==
==<>==<>==<>==<>==<>==
==<>==<>==<>==<>==<>==
    }
==<>==<>==<>==<>==<>==
==<>==<>==<>==<>==<>==
==<>==<>==<>==<>==<>==
==<>==<>==<>==<>==<>==
==<>==<>==<>==<>==<>==
    }
==<>==<>==<>==<>==<>==
==<>==<>==<>==<>==<>==
==<>==<>==<>==<>==<>==
==<>==<>==<>==<>==<>==
==<>==<>==<>==<>==<>==
==<>==<>==<>==<>==<>==
==<>==<>==<>==<>==<>==
==<>==<>==<>==<>==<>==
    }
==<>==<>==<>==<>==<>==
==<>==<>==<>==<>==<>==
==<>==<>==<>==<>==<>==
==<>==<>==<>==<>==<>==
==<>==<>==<>==<>==<>==
==<>==<>==<>==<>==<>==
==<>==<>==<>==<>==<>==
==<>==<>==<>==<>==<>==
==<>==<>==<>==<>==<>==
==<>==<>==<>==<>==<>==
==<>==<>==<>==<>==<>==
==<>==<>==<>==<>==<>==
==<>==<>==<>==<>==<>==
==<>==<>==<>==<>==<>==
==<>==<>==<>==<>==<>==
==<>==<>==<>==<>==<>==
==<>==<>==<>==<>==<>==
==<>==<>==<>==<>==<>==
==<>==<>==<>==<>==<>==
==<>==<>==<>==<>==<>==
    }
==<>==<>==<>==<>==<>==
==<>==<>==<>==<>==<>==
==<>==<>==<>==<>==<>==
==<>==<>==<>==<>==<>==
==<>==<>==<>==<>==<>==
==<>==<>==<>==<>==<>==
==<>==<>==<>==<>==<>==
==<>==<>==<>==<>==<>==
==<>==<>==<>==<>==<>==
==<>==<>==<>==<>==<>==
    }
==<>==<>==<>==<>==<>==
==<>==<>==<>==<>==<>==
==<>==<>==<>==<>==<>==
==<>==<>==<>==<>==<>==
==<>==<>==<>==<>==<>==
==<>==<>==<>==<>==<>==
==<>==<>==<>==<>==<>==
==<>==<>==<>==<>==<>==
==<>==<>==<>==<>==<>==
==<>==<>==<>==<>==<>==
==<>==<>==<>==<>==<>==
==<>==<>==<>==<>==<>==
==<>==<>==<>==<>==<>==
==<>==<>==<>==<>==<>==
==<>==<>==<>==<>==<>==
==<>==<>==<>==<>==<>==
==<>==<>==<>==<>==<>==
==<>==<>==<>==<>==<>==
==<>==<>==<>==<>==<>==
==<>==<>==<>==<>==<>==
==<>==<>==<>==<>==<>==
    }
==<>==<>==<>==<>==<>==
==<>==<>==<>==<>==<>==
==<>==<>==<>==<>==<>==
==<>==<>==<>==<>==<>==
==<>==<>==<>==<>==<>==
==<>==<>==<>==<>==<>==
==<>==<>==<>==<>==<>==
==<>==<>==<>==<>==<>==
==<>==<>==<>==<>==<>==
==<>==<>==<>==<>==<>==
==<>==<>==<>==<>==<>==
==<>==<>==<>==<>==<>==
==<>==<>==<>==<>==<>==
==<>==<>==<>==<>==<>==
==<>==<>==<>==<>==<>==
==<>==<>==<>==<>==<>==
==<>==<>==<>==<>==<>==
==<>==<>==<>==<>==<>==
==<>==<>==<>==<>==<>==
==<>==<>==<>==<>==<>==
    }
==<>==<>==<>==<>==<>==
==<>==<>==<>==<>==<>==
==<>==<>==<>==<>==<>==
==<>==<>==<>==<>==<>==
==<>==<>==<>==<>==<>==
==<>==<>==<>==<>==<>==
==<>==<>==<>==<>==<>==
==<>==<>==<>==<>==<>==
==<>==<>==<>==<>==<>==
==<>==<>==<>==<>==<>==
==<>==<>==<>==<>==<>==
==<>==<>==<>==<>==<>==
==<>==<>==<>==<>==<>==
==<>==<>==<>==<>==<>==
==<>==<>==<>==<>==<>==
==<>==<>==<>==<>==<>==
==<>==<>==<>==<>==<>==
==<>==<>==<>==<>==<>==
==<>==<>==<>==<>==<>==
==<>==<>==<>==<>==<>==
==<>==<>==<>==<>==<>==
==<>==<>==<>==<>==<>==
==<>==<>==<>==<>==<>==
==<>==<>==<>==<>==<>==
    }
==<>==<>==<>==<>==<>==
==<>==<>==<>==<>==<>==
==<>==<>==<>==<>==<>==
==<>==<>==<>==<>==<>==
==<>==<>==<>==<>==<>==
==<>==<>==<>==<>==<>==
==<>==<>==<>==<>==<>==
==<>==<>==<>==<>==<>==
    }
==<>==<>==<>==<>==<>==
==<>==<>==<>==<>==<>==
==<>==<>==<>==<>==<>==
==<>==<>==<>==<>==<>==
==<>==<>==<>==<>==<>==
==<>==<>==<>==<>==<>==
==<>==<>==<>==<>==<>==
==<>==<>==<>==<>==<>==
==<>==<>==<>==<>==<>==
==<>==<>==<>==<>==<>==
==<>==<>==<>==<>==<>==
==<>==<>==<>==<>==<>==
==<>==<>==<>==<>==<>==
==<>==<>==<>==<>==<>==
==<>==<>==<>==<>==<>==
==<>==<>==<>==<>==<>==
==<>==<>==<>==<>==<>==
==<>==<>==<>==<>==<>==
==<>==<>==<>==<>==<>==
==<>==<>==<>==<>==<>==
    }
==<>==<>==<>==<>==<>==
==<>==<>==<>==<>==<>==
==<>==<>==<>==<>==<>==
==<>==<>==<>==<>==<>==
==<>==<>==<>==<>==<>==
==<>==<>==<>==<>==<>==
==<>==<>==<>==<>==<>==
==<>==<>==<>==<>==<>==
    }
==<>==<>==<>==<>==<>==
==<>==<>==<>==<>==<>==
==<>==<>==<>==<>==<>==
==<>==<>==<>==<>==<>==
==<>==<>==<>==<>==<>==
==<>==<>==<>==<>==<>==
==<>==<>==<>==<>==<>==
==<>==<>==<>==<>==<>==
==<>==<>==<>==<>==<>==
==<>==<>==<>==<>==<>==
==<>==<>==<>==<>==<>==
==<>==<>==<>==<>==<>==
==<>==<>==<>==<>==<>==
==<>==<>==<>==<>==<>==
==<>==<>==<>==<>==<>==
==<>==<>==<>==<>==<>==
==<>==<>==<>==<>==<>==
==<>==<>==<>==<>==<>==
==<>==<>==<>==<>==<>==
==<>==<>==<>==<>==<>==
==<>==<>==<>==<>==<>==
==<>==<>==<>==<>==<>==
==<>==<>==<>==<>==<>==
==<>==<>==<>==<>==<>==
==<>==<>==<>==<>==<>==
==<>==<>==<>==<>==<>==
==<>==<>==<>==<>==<>==
==<>==<>==<>==<>==<>==
==<>==<>==<>==<>==<>==
==<>==<>==<>==<>==<>==
==<>==<>==<>==<>==<>==
==<>==<>==<>==<>==<>==
==<>==<>==<>==<>==<>==
==<>==<>==<>==<>==<>==
==<>==<>==<>==<>==<>==
==<>==<>==<>==<>==<>==
==<>==<>==<>==<>==<>==
==<>==<>==<>==<>==<>==
==<>==<>==<>==<>==<>==
==<>==<>==<>==<>==<>==
==<>==<>==<>==<>==<>==
==<>==<>==<>==<>==<>==
==<>==<>==<>==<>==<>==
==<>==<>==<>==<>==<>==
==<>==<>==<>==<>==<>==
==<>==<>==<>==<>==<>==
==<>==<>==<>==<>==<>==
==<>==<>==<>==<>==<>==
==<>==<>==<>==<>==<>==
==<>==<>==<>==<>==<>==
==<>==<>==<>==<>==<>==
==<>==<>==<>==<>==<>==
==<>==<>==<>==<>==<>==
==<>==<>==<>==<>==<>==
==<>==<>==<>==<>==<>==
==<>==<>==<>==<>==<>==
==<>==<>==<>==<>==<>==
==<>==<>==<>==<>==<>==
==<>==<>==<>==<>==<>==
==<>==<>==<>==<>==<>==
==<>==<>==<>==<>==<>==
==<>==<>==<>==<>==<>==
==<>==<>==<>==<>==<>==
==<>==<>==<>==<>==<>==
==<>==<>==<>==<>==<>==
==<>==<>==<>==<>==<>==
==<>==<>==<>==<>==<>==
==<>==<>==<>==<>==<>==
==<>==<>==<>==<>==<>==
==<>==<>==<>==<>==<>==
==<>==<>==<>==<>==<>==
==<>==<>==<>==<>==<>==
==<>==<>==<>==<>==<>==
==<>==<>==<>==<>==<>==
==<>==<>==<>==<>==<>==
==<>==<>==<>==<>==<>==
==<>==<>==<>==<>==<>==
==<>==<>==<>==<>==<>==
==<>==<>==<>==<>==<>==
==<>==<>==<>==<>==<>==
==<>==<>==<>==<>==<>==
==<>==<>==<>==<>==<>==
==<>==<>==<>==<>==<>==
==<>==<>==<>==<>==<>==
==<>==<>==<>==<>==<>==
==<>==<>==<>==<>==<>==
==<>==<>==<>==<>==<>==
==<>==<>==<>==<>==<>==
==<>==<>==<>==<>==<>==
==<>==<>==<>==<>==<>==
==<>==<>==<>==<>==<>==
==<>==<>==<>==<>==<>==
==<>==<>==<>==<>==<>==
==<>==<>==<>==<>==<>==
==<>==<>==<>==<>==<>==
==<>==<>==<>==<>==<>==
==<>==<>==<>==<>==<>==
==<>==<>==<>==<>==<>==
==<>==<>==<>==<>==<>==
==<>==<>==<>==<>==<>==
        }
    }
==<>==<>==<>==<>==<>==
==<>==<>==<>==<>==<>==
==<>==<>==<>==<>==<>==
==<>==<>==<>==<>==<>==
==<>==<>==<>==<>==<>==
==<>==<>==<>==<>==<>==
==<>==<>==<>==<>==<>==
    }
==<>==<>==<>==<>==<>==
==<>==<>==<>==<>==<>==
==<>==<>==<>==<>==<>==
==<>==<>==<>==<>==<>==
==<>==<>==<>==<>==<>==
==<>==<>==<>==<>==<>==
==<>==<>==<>==<>==<>==
==<>==<>==<>==<>==<>==
==<>==<>==<>==<>==<>==
==<>==<>==<>==<>==<>==
==<>==<>==<>==<>==<>==
==<>==<>==<>==<>==<>==
==<>==<>==<>==<>==<>==
==<>==<>==<>==<>==<>==
==<>==<>==<>==<>==<>==
==<>==<>==<>==<>==<>==
==<>==<>==<>==<>==<>==
==<>==<>==<>==<>==<>==
        }
        return data;
    }
==<>==<>==<>==<>==<>==
==<>==<>==<>==<>==<>==
==<>==<>==<>==<>==<>==
==<>==<>==<>==<>==<>==
==<>==<>==<>==<>==<>==
==<>==<>==<>==<>==<>==
==<>==<>==<>==<>==<>==
==<>==<>==<>==<>==<>==
==<>==<>==<>==<>==<>==
==<>==<>==<>==<>==<>==
==<>==<>==<>==<>==<>==
    }
==<>==<>==<>==<>==<>==
==<>==<>==<>==<>==<>==
==<>==<>==<>==<>==<>==
==<>==<>==<>==<>==<>==
==<>==<>==<>==<>==<>==
    }
==<>==<>==<>==<>==<>==
==<>==<>==<>==<>==<>==
==<>==<>==<>==<>==<>==
==<>==<>==<>==<>==<>==
    }
==<>==<>==<>==<>==<>==
==<>==<>==<>==<>==<>==
==<>==<>==<>==<>==<>==
==<>==<>==<>==<>==<>==
==<>==<>==<>==<>==<>==
    }
==<>==<>==<>==<>==<>==
==<>==<>==<>==<>==<>==
==<>==<>==<>==<>==<>==
==<>==<>==<>==<>==<>==
    }
==<>==<>==<>==<>==<>==
==<>==<>==<>==<>==<>==
==<>==<>==<>==<>==<>==
==<>==<>==<>==<>==<>==
    }
==<>==<>==<>==<>==<>==
==<>==<>==<>==<>==<>==
==<>==<>==<>==<>==<>==
==<>==<>==<>==<>==<>==
    }
==<>==<>==<>==<>==<>==
==<>==<>==<>==<>==<>==
==<>==<>==<>==<>==<>==
==<>==<>==<>==<>==<>==
    }
==<>==<>==<>==<>==<>==
==<>==<>==<>==<>==<>==
==<>==<>==<>==<>==<>==
==<>==<>==<>==<>==<>==
    }
==<>==<>==<>==<>==<>==
==<>==<>==<>==<>==<>==
==<>==<>==<>==<>==<>==
==<>==<>==<>==<>==<>==
    }
==<>==<>==<>==<>==<>==
==<>==<>==<>==<>==<>==
==<>==<>==<>==<>==<>==
==<>==<>==<>==<>==<>==
==<>==<>==<>==<>==<>==
==<>==<>==<>==<>==<>==
==<>==<>==<>==<>==<>==
==<>==<>==<>==<>==<>==
==<>==<>==<>==<>==<>==
==<>==<>==<>==<>==<>==
==<>==<>==<>==<>==<>==
==<>==<>==<>==<>==<>==
==<>==<>==<>==<>==<>==
==<>==<>==<>==<>==<>==
==<>==<>==<>==<>==<>==
==<>==<>==<>==<>==<>==
==<>==<>==<>==<>==<>==
==<>==<>==<>==<>==<>==
==<>==<>==<>==<>==<>==
    }
==<>==<>==<>==<>==<>==
==<>==<>==<>==<>==<>==
==<>==<>==<>==<>==<>==
==<>==<>==<>==<>==<>==
==<>==<>==<>==<>==<>==
==<>==<>==<>==<>==<>==
==<>==<>==<>==<>==<>==
==<>==<>==<>==<>==<>==
==<>==<>==<>==<>==<>==
==<>==<>==<>==<>==<>==
    }
==<>==<>==<>==<>==<>==
==<>==<>==<>==<>==<>==
==<>==<>==<>==<>==<>==
==<>==<>==<>==<>==<>==
==<>==<>==<>==<>==<>==
==<>==<>==<>==<>==<>==
    }
==<>==<>==<>==<>==<>==
==<>==<>==<>==<>==<>==
==<>==<>==<>==<>==<>==
==<>==<>==<>==<>==<>==
==<>==<>==<>==<>==<>==
==<>==<>==<>==<>==<>==
==<>==<>==<>==<>==<>==
==<>==<>==<>==<>==<>==
==<>==<>==<>==<>==<>==
==<>==<>==<>==<>==<>==
==<>==<>==<>==<>==<>==
==<>==<>==<>==<>==<>==
==<>==<>==<>==<>==<>==
==<>==<>==<>==<>==<>==
==<>==<>==<>==<>==<>==
==<>==<>==<>==<>==<>==
==<>==<>==<>==<>==<>==
==<>==<>==<>==<>==<>==
    }
==<>==<>==<>==<>==<>==
==<>==<>==<>==<>==<>==
==<>==<>==<>==<>==<>==
==<>==<>==<>==<>==<>==
==<>==<>==<>==<>==<>==
==<>==<>==<>==<>==<>==
==<>==<>==<>==<>==<>==
==<>==<>==<>==<>==<>==
==<>==<>==<>==<>==<>==
==<>==<>==<>==<>==<>==
==<>==<>==<>==<>==<>==
    }
==<>==<>==<>==<>==<>==
==<>==<>==<>==<>==<>==
==<>==<>==<>==<>==<>==
==<>==<>==<>==<>==<>==
==<>==<>==<>==<>==<>==
==<>==<>==<>==<>==<>==
==<>==<>==<>==<>==<>==
==<>==<>==<>==<>==<>==
==<>==<>==<>==<>==<>==
==<>==<>==<>==<>==<>==
==<>==<>==<>==<>==<>==
==<>==<>==<>==<>==<>==
==<>==<>==<>==<>==<>==
    }
==<>==<>==<>==<>==<>==
==<>==<>==<>==<>==<>==
==<>==<>==<>==<>==<>==
==<>==<>==<>==<>==<>==
    }
==<>==<>==<>==<>==<>==
==<>==<>==<>==<>==<>==
==<>==<>==<>==<>==<>==
==<>==<>==<>==<>==<>==
==<>==<>==<>==<>==<>==
==<>==<>==<>==<>==<>==
==<>==<>==<>==<>==<>==
==<>==<>==<>==<>==<>==
==<>==<>==<>==<>==<>==
==<>==<>==<>==<>==<>==
==<>==<>==<>==<>==<>==
==<>==<>==<>==<>==<>==
==<>==<>==<>==<>==<>==
==<>==<>==<>==<>==<>==
==<>==<>==<>==<>==<>==
==<>==<>==<>==<>==<>==
==<>==<>==<>==<>==<>==
==<>==<>==<>==<>==<>==
==<>==<>==<>==<>==<>==
==<>==<>==<>==<>==<>==
==<>==<>==<>==<>==<>==
==<>==<>==<>==<>==<>==
==<>==<>==<>==<>==<>==
==<>==<>==<>==<>==<>==
==<>==<>==<>==<>==<>==
==<>==<>==<>==<>==<>==
==<>==<>==<>==<>==<>==
==<>==<>==<>==<>==<>==
==<>==<>==<>==<>==<>==
==<>==<>==<>==<>==<>==
==<>==<>==<>==<>==<>==
==<>==<>==<>==<>==<>==
==<>==<>==<>==<>==<>==
==<>==<>==<>==<>==<>==
==<>==<>==<>==<>==<>==
==<>==<>==<>==<>==<>==
==<>==<>==<>==<>==<>==
==<>==<>==<>==<>==<>==
==<>==<>==<>==<>==<>==
==<>==<>==<>==<>==<>==
==<>==<>==<>==<>==<>==
==<>==<>==<>==<>==<>==
==<>==<>==<>==<>==<>==
==<>==<>==<>==<>==<>==
==<>==<>==<>==<>==<>==
==<>==<>==<>==<>==<>==
==<>==<>==<>==<>==<>==
==<>==<>==<>==<>==<>==
==<>==<>==<>==<>==<>==
==<>==<>==<>==<>==<>==
==<>==<>==<>==<>==<>==
==<>==<>==<>==<>==<>==
==<>==<>==<>==<>==<>==
==<>==<>==<>==<>==<>==
==<>==<>==<>==<>==<>==
==<>==<>==<>==<>==<>==
==<>==<>==<>==<>==<>==
==<>==<>==<>==<>==<>==
==<>==<>==<>==<>==<>==
==<>==<>==<>==<>==<>==
==<>==<>==<>==<>==<>==
==<>==<>==<>==<>==<>==
==<>==<>==<>==<>==<>==
==<>==<>==<>==<>==<>==
==<>==<>==<>==<>==<>==
==<>==<>==<>==<>==<>==
==<>==<>==<>==<>==<>==
==<>==<>==<>==<>==<>==
==<>==<>==<>==<>==<>==
    }
==<>==<>==<>==<>==<>==
==<>==<>==<>==<>==<>==
==<>==<>==<>==<>==<>==
==<>==<>==<>==<>==<>==
==<>==<>==<>==<>==<>==
==<>==<>==<>==<>==<>==
==<>==<>==<>==<>==<>==
==<>==<>==<>==<>==<>==
==<>==<>==<>==<>==<>==
==<>==<>==<>==<>==<>==
==<>==<>==<>==<>==<>==
==<>==<>==<>==<>==<>==
==<>==<>==<>==<>==<>==
==<>==<>==<>==<>==<>==
==<>==<>==<>==<>==<>==
==<>==<>==<>==<>==<>==
==<>==<>==<>==<>==<>==
==<>==<>==<>==<>==<>==
==<>==<>==<>==<>==<>==
==<>==<>==<>==<>==<>==
==<>==<>==<>==<>==<>==
==<>==<>==<>==<>==<>==
==<>==<>==<>==<>==<>==
==<>==<>==<>==<>==<>==
==<>==<>==<>==<>==<>==
==<>==<>==<>==<>==<>==
    }
==<>==<>==<>==<>==<>==
==<>==<>==<>==<>==<>==
==<>==<>==<>==<>==<>==
==<>==<>==<>==<>==<>==
    }
==<>==<>==<>==<>==<>==
==<>==<>==<>==<>==<>==
==<>==<>==<>==<>==<>==
==<>==<>==<>==<>==<>==
==<>==<>==<>==<>==<>==
==<>==<>==<>==<>==<>==
==<>==<>==<>==<>==<>==
==<>==<>==<>==<>==<>==
==<>==<>==<>==<>==<>==
==<>==<>==<>==<>==<>==
==<>==<>==<>==<>==<>==
==<>==<>==<>==<>==<>==
==<>==<>==<>==<>==<>==
==<>==<>==<>==<>==<>==
==<>==<>==<>==<>==<>==
==<>==<>==<>==<>==<>==
==<>==<>==<>==<>==<>==
==<>==<>==<>==<>==<>==
==<>==<>==<>==<>==<>==
==<>==<>==<>==<>==<>==
==<>==<>==<>==<>==<>==
==<>==<>==<>==<>==<>==
==<>==<>==<>==<>==<>==
==<>==<>==<>==<>==<>==
==<>==<>==<>==<>==<>==
==<>==<>==<>==<>==<>==
==<>==<>==<>==<>==<>==
==<>==<>==<>==<>==<>==
==<>==<>==<>==<>==<>==
==<>==<>==<>==<>==<>==
==<>==<>==<>==<>==<>==
==<>==<>==<>==<>==<>==
==<>==<>==<>==<>==<>==
==<>==<>==<>==<>==<>==
==<>==<>==<>==<>==<>==
==<>==<>==<>==<>==<>==
==<>==<>==<>==<>==<>==
==<>==<>==<>==<>==<>==
==<>==<>==<>==<>==<>==
==<>==<>==<>==<>==<>==
==<>==<>==<>==<>==<>==
==<>==<>==<>==<>==<>==
==<>==<>==<>==<>==<>==
==<>==<>==<>==<>==<>==
==<>==<>==<>==<>==<>==
==<>==<>==<>==<>==<>==
==<>==<>==<>==<>==<>==
==<>==<>==<>==<>==<>==
==<>==<>==<>==<>==<>==
==<>==<>==<>==<>==<>==
==<>==<>==<>==<>==<>==
    }
==<>==<>==<>==<>==<>==
==<>==<>==<>==<>==<>==
==<>==<>==<>==<>==<>==
==<>==<>==<>==<>==<>==
==<>==<>==<>==<>==<>==
==<>==<>==<>==<>==<>==
==<>==<>==<>==<>==<>==
==<>==<>==<>==<>==<>==
==<>==<>==<>==<>==<>==
==<>==<>==<>==<>==<>==
==<>==<>==<>==<>==<>==
==<>==<>==<>==<>==<>==
==<>==<>==<>==<>==<>==
==<>==<>==<>==<>==<>==
==<>==<>==<>==<>==<>==
==<>==<>==<>==<>==<>==
==<>==<>==<>==<>==<>==
==<>==<>==<>==<>==<>==
==<>==<>==<>==<>==<>==
==<>==<>==<>==<>==<>==
==<>==<>==<>==<>==<>==
==<>==<>==<>==<>==<>==
==<>==<>==<>==<>==<>==
==<>==<>==<>==<>==<>==
==<>==<>==<>==<>==<>==
==<>==<>==<>==<>==<>==
==<>==<>==<>==<>==<>==
==<>==<>==<>==<>==<>==
==<>==<>==<>==<>==<>==
==<>==<>==<>==<>==<>==
==<>==<>==<>==<>==<>==
==<>==<>==<>==<>==<>==
==<>==<>==<>==<>==<>==
==<>==<>==<>==<>==<>==
==<>==<>==<>==<>==<>==
==<>==<>==<>==<>==<>==
==<>==<>==<>==<>==<>==
==<>==<>==<>==<>==<>==
==<>==<>==<>==<>==<>==
==<>==<>==<>==<>==<>==
==<>==<>==<>==<>==<>==
==<>==<>==<>==<>==<>==
==<>==<>==<>==<>==<>==
==<>==<>==<>==<>==<>==
==<>==<>==<>==<>==<>==
==<>==<>==<>==<>==<>==
==<>==<>==<>==<>==<>==
==<>==<>==<>==<>==<>==
==<>==<>==<>==<>==<>==
==<>==<>==<>==<>==<>==
==<>==<>==<>==<>==<>==
==<>==<>==<>==<>==<>==
==<>==<>==<>==<>==<>==
==<>==<>==<>==<>==<>==
==<>==<>==<>==<>==<>==
==<>==<>==<>==<>==<>==
==<>==<>==<>==<>==<>==
==<>==<>==<>==<>==<>==
==<>==<>==<>==<>==<>==
==<>==<>==<>==<>==<>==
==<>==<>==<>==<>==<>==
==<>==<>==<>==<>==<>==
==<>==<>==<>==<>==<>==
==<>==<>==<>==<>==<>==
==<>==<>==<>==<>==<>==
==<>==<>==<>==<>==<>==
==<>==<>==<>==<>==<>==
==<>==<>==<>==<>==<>==
==<>==<>==<>==<>==<>==
==<>==<>==<>==<>==<>==
==<>==<>==<>==<>==<>==
==<>==<>==<>==<>==<>==
==<>==<>==<>==<>==<>==
==<>==<>==<>==<>==<>==
==<>==<>==<>==<>==<>==
==<>==<>==<>==<>==<>==
==<>==<>==<>==<>==<>==
==<>==<>==<>==<>==<>==
==<>==<>==<>==<>==<>==
==<>==<>==<>==<>==<>==
==<>==<>==<>==<>==<>==
==<>==<>==<>==<>==<>==
==<>==<>==<>==<>==<>==
==<>==<>==<>==<>==<>==
==<>==<>==<>==<>==<>==
==<>==<>==<>==<>==<>==
==<>==<>==<>==<>==<>==
==<>==<>==<>==<>==<>==
==<>==<>==<>==<>==<>==
==<>==<>==<>==<>==<>==
==<>==<>==<>==<>==<>==
==<>==<>==<>==<>==<>==
==<>==<>==<>==<>==<>==
==<>==<>==<>==<>==<>==
==<>==<>==<>==<>==<>==
==<>==<>==<>==<>==<>==
==<>==<>==<>==<>==<>==
==<>==<>==<>==<>==<>==
==<>==<>==<>==<>==<>==
==<>==<>==<>==<>==<>==
==<>==<>==<>==<>==<>==
==<>==<>==<>==<>==<>==
==<>==<>==<>==<>==<>==
==<>==<>==<>==<>==<>==
==<>==<>==<>==<>==<>==
==<>==<>==<>==<>==<>==
==<>==<>==<>==<>==<>==
==<>==<>==<>==<>==<>==
==<>==<>==<>==<>==<>==
==<>==<>==<>==<>==<>==
==<>==<>==<>==<>==<>==
==<>==<>==<>==<>==<>==
==<>==<>==<>==<>==<>==
==<>==<>==<>==<>==<>==
==<>==<>==<>==<>==<>==
==<>==<>==<>==<>==<>==
==<>==<>==<>==<>==<>==
==<>==<>==<>==<>==<>==
==<>==<>==<>==<>==<>==
==<>==<>==<>==<>==<>==
==<>==<>==<>==<>==<>==
==<>==<>==<>==<>==<>==
==<>==<>==<>==<>==<>==
==<>==<>==<>==<>==<>==
==<>==<>==<>==<>==<>==
==<>==<>==<>==<>==<>==
==<>==<>==<>==<>==<>==
==<>==<>==<>==<>==<>==
==<>==<>==<>==<>==<>==
==<>==<>==<>==<>==<>==
==<>==<>==<>==<>==<>==
==<>==<>==<>==<>==<>==
==<>==<>==<>==<>==<>==
==<>==<>==<>==<>==<>==
==<>==<>==<>==<>==<>==
==<>==<>==<>==<>==<>==
==<>==<>==<>==<>==<>==
==<>==<>==<>==<>==<>==
==<>==<>==<>==<>==<>==
==<>==<>==<>==<>==<>==
==<>==<>==<>==<>==<>==
==<>==<>==<>==<>==<>==
==<>==<>==<>==<>==<>==
==<>==<>==<>==<>==<>==
==<>==<>==<>==<>==<>==
==<>==<>==<>==<>==<>==
==<>==<>==<>==<>==<>==
==<>==<>==<>==<>==<>==
==<>==<>==<>==<>==<>==
==<>==<>==<>==<>==<>==
    }
==<>==<>==<>==<>==<>==
==<>==<>==<>==<>==<>==
==<>==<>==<>==<>==<>==
==<>==<>==<>==<>==<>==
==<>==<>==<>==<>==<>==
==<>==<>==<>==<>==<>==
==<>==<>==<>==<>==<>==
    }
==<>==<>==<>==<>==<>==
==<>==<>==<>==<>==<>==
==<>==<>==<>==<>==<>==
==<>==<>==<>==<>==<>==
==<>==<>==<>==<>==<>==
==<>==<>==<>==<>==<>==
==<>==<>==<>==<>==<>==
==<>==<>==<>==<>==<>==
==<>==<>==<>==<>==<>==
==<>==<>==<>==<>==<>==
==<>==<>==<>==<>==<>==
==<>==<>==<>==<>==<>==
==<>==<>==<>==<>==<>==
==<>==<>==<>==<>==<>==
==<>==<>==<>==<>==<>==
==<>==<>==<>==<>==<>==
==<>==<>==<>==<>==<>==
==<>==<>==<>==<>==<>==
==<>==<>==<>==<>==<>==
==<>==<>==<>==<>==<>==
==<>==<>==<>==<>==<>==
==<>==<>==<>==<>==<>==
==<>==<>==<>==<>==<>==
    }
==<>==<>==<>==<>==<>==
==<>==<>==<>==<>==<>==
==<>==<>==<>==<>==<>==
==<>==<>==<>==<>==<>==
==<>==<>==<>==<>==<>==
==<>==<>==<>==<>==<>==
==<>==<>==<>==<>==<>==
==<>==<>==<>==<>==<>==
==<>==<>==<>==<>==<>==
==<>==<>==<>==<>==<>==
==<>==<>==<>==<>==<>==
==<>==<>==<>==<>==<>==
==<>==<>==<>==<>==<>==
==<>==<>==<>==<>==<>==
==<>==<>==<>==<>==<>==
==<>==<>==<>==<>==<>==
==<>==<>==<>==<>==<>==
==<>==<>==<>==<>==<>==
==<>==<>==<>==<>==<>==
==<>==<>==<>==<>==<>==
==<>==<>==<>==<>==<>==
    }
==<>==<>==<>==<>==<>==
==<>==<>==<>==<>==<>==
==<>==<>==<>==<>==<>==
==<>==<>==<>==<>==<>==
==<>==<>==<>==<>==<>==
==<>==<>==<>==<>==<>==
==<>==<>==<>==<>==<>==
    }
==<>==<>==<>==<>==<>==
==<>==<>==<>==<>==<>==
==<>==<>==<>==<>==<>==
==<>==<>==<>==<>==<>==
==<>==<>==<>==<>==<>==
==<>==<>==<>==<>==<>==
==<>==<>==<>==<>==<>==
    }
==<>==<>==<>==<>==<>==
==<>==<>==<>==<>==<>==
==<>==<>==<>==<>==<>==
==<>==<>==<>==<>==<>==
    }
==<>==<>==<>==<>==<>==
==<>==<>==<>==<>==<>==
==<>==<>==<>==<>==<>==
==<>==<>==<>==<>==<>==
    }
==<>==<>==<>==<>==<>==
==<>==<>==<>==<>==<>==
==<>==<>==<>==<>==<>==
==<>==<>==<>==<>==<>==
    }
==<>==<>==<>==<>==<>==
==<>==<>==<>==<>==<>==
==<>==<>==<>==<>==<>==
==<>==<>==<>==<>==<>==
==<>==<>==<>==<>==<>==
    }
==<>==<>==<>==<>==<>==
==<>==<>==<>==<>==<>==
==<>==<>==<>==<>==<>==
    }
==<>==<>==<>==<>==<>==
==<>==<>==<>==<>==<>==
==<>==<>==<>==<>==<>==
==<>==<>==<>==<>==<>==
    }
==<>==<>==<>==<>==<>==
==<>==<>==<>==<>==<>==
==<>==<>==<>==<>==<>==
==<>==<>==<>==<>==<>==
    }
==<>==<>==<>==<>==<>==
==<>==<>==<>==<>==<>==
==<>==<>==<>==<>==<>==
==<>==<>==<>==<>==<>==
    }
==<>==<>==<>==<>==<>==
==<>==<>==<>==<>==<>==
==<>==<>==<>==<>==<>==
==<>==<>==<>==<>==<>==
    }
==<>==<>==<>==<>==<>==
==<>==<>==<>==<>==<>==
==<>==<>==<>==<>==<>==
==<>==<>==<>==<>==<>==
    }
==<>==<>==<>==<>==<>==
==<>==<>==<>==<>==<>==
==<>==<>==<>==<>==<>==
==<>==<>==<>==<>==<>==
    }
==<>==<>==<>==<>==<>==
==<>==<>==<>==<>==<>==
==<>==<>==<>==<>==<>==
==<>==<>==<>==<>==<>==
    }
==<>==<>==<>==<>==<>==
==<>==<>==<>==<>==<>==
==<>==<>==<>==<>==<>==
==<>==<>==<>==<>==<>==
    }
==<>==<>==<>==<>==<>==
==<>==<>==<>==<>==<>==
==<>==<>==<>==<>==<>==
==<>==<>==<>==<>==<>==
==<>==<>==<>==<>==<>==
    }
==<>==<>==<>==<>==<>==
==<>==<>==<>==<>==<>==
==<>==<>==<>==<>==<>==
==<>==<>==<>==<>==<>==
    }
==<>==<>==<>==<>==<>==
==<>==<>==<>==<>==<>==
==<>==<>==<>==<>==<>==
==<>==<>==<>==<>==<>==
    }
==<>==<>==<>==<>==<>==
==<>==<>==<>==<>==<>==
==<>==<>==<>==<>==<>==
==<>==<>==<>==<>==<>==
    }
==<>==<>==<>==<>==<>==
==<>==<>==<>==<>==<>==
==<>==<>==<>==<>==<>==
==<>==<>==<>==<>==<>==
    }
==<>==<>==<>==<>==<>==
==<>==<>==<>==<>==<>==
==<>==<>==<>==<>==<>==
==<>==<>==<>==<>==<>==
    }
==<>==<>==<>==<>==<>==
==<>==<>==<>==<>==<>==
==<>==<>==<>==<>==<>==
==<>==<>==<>==<>==<>==
    }
==<>==<>==<>==<>==<>==
==<>==<>==<>==<>==<>==
==<>==<>==<>==<>==<>==
    }

}
